1 3 21
1 3 21 True
1 4 20
1 4 20 False
1 5 19
1 5 19 True
1 6 18
1 6 18 False
1 7 17
1 7 17 False
1 8 16
1 8 16 False
1 9 15
1 9 15 False
1 10 14
1 10 14 False
1 11 13
1 11 13 False
2 4 19
2 4 19 True
2 5 18
2 5 18 True
2 6 17
2 6 17 True
2 7 16
2 7 16 True
2 8 15
2 8 15 False
2 9 14
2 9 14 False
2 10 13
2 10 13 False
2 11 12
2 11 12 False
2 12 11
2 12 11 False
2 13 10
2 13 10 False
2 14 9
2 14 9 False
2 15 8
2 15 8 False
2 16 7
2 16 7 False
2 17 6
2 17 6 False
2 18 5
2 18 5 False
2 19 4
2 19 4 False
2 20 3
2 20 3 False
3 3 19
3 3 19 True
3 4 18
3 4 18 False
3 5 17
3 5 17 True
3 6 16
3 6 16 True
3 7 15
3 7 15 True
3 8 14
3 8 14 True
3 9 13
3 10 12
3 11 11
3 12 10
3 13 9
3 14 8
3 15 7
3 15 7 False
3 16 6
3 16 6 False
3 17 5
3 17 5 False
3 18 4
3 18 4 False
3 19 3
3 19 3 False
3 20 2
3 20 2 False
4 4 17
4 4 17 True
4 5 16
4 5 16 True
4 6 15
4 6 15 True
4 7 14
4 7 14 True
4 8 13
4 9 12
4 9 12 True
4 10 11
4 11 10
4 12 9
4 13 8
4 14 7
4 15 6
4 16 5
4 17 4
4 18 3
4 18 3 False
5 4 16
5 4 16 True
5 5 15
5 5 15 True
5 6 14
5 6 14 True
5 7 13
5 7 13 True
5 8 12
5 8 12 True
5 9 11
5 9 11 True
5 10 10
5 11 9
5 12 8
5 13 7
5 14 6
5 15 5
5 16 4
5 17 3
5 18 2
5 18 2 False
6 4 15
6 4 15 True
6 5 14
6 5 14 True
6 6 13
6 6 13 True
6 7 12
6 7 12 True
6 8 11
6 8 11 True
6 9 10
6 10 9
6 11 8
6 12 7
6 13 6
6 14 5
6 15 4
6 16 3
6 16 3 False
7 3 15
7 3 15 True
7 4 14
7 4 14 True
7 5 13
7 5 13 True
7 6 12
7 6 12 True
7 7 11
7 7 11 True
7 8 10
7 9 9
7 10 8
7 11 7
7 12 6
7 13 5
7 14 4
7 15 3
7 15 3 False
7 16 2
7 16 2 False
8 4 13
8 4 13 True
8 5 12
8 5 12 True
8 6 11
8 6 11 True
8 7 10
8 7 10 True
8 8 9
8 9 8
8 10 7
8 11 6
8 12 5
8 13 4
9 3 13
9 3 13 True
9 4 12
9 4 12 True
9 5 11
9 5 11 True
9 6 10
9 6 10 True
9 7 9
9 7 9 True
9 8 8
9 9 7
9 10 6
9 11 5
9 12 4
9 13 3
9 13 3 False
10 2 13
10 2 13 True
10 3 12
10 3 12 False
10 4 11
10 4 11 True
10 5 10
10 6 9
10 6 9 True
10 7 8
10 8 7
10 9 6
10 9 6 True
10 10 5
10 11 4
11 3 11
11 3 11 True
11 4 10
11 4 10 True
11 5 9
11 5 9 True
11 6 8
11 6 8 True
11 7 7
11 8 6
11 9 5
11 10 4
11 11 3
11 11 3 False
12 4 9
12 4 9 True
12 5 8
12 6 7
12 7 6
12 8 5
12 9 4
12 10 3
12 10 3 False
13 3 9
13 3 9 False
13 4 8
13 4 8 True
13 5 7
13 6 6
13 7 5
13 8 4
13 9 3
13 9 3 False
13 10 2
13 10 2 False
14 4 7
14 5 6
14 6 5
14 7 4
14 7 4 False
15 3 7
15 3 7 False
15 4 6
15 5 5
15 6 4
15 7 3
15 7 3 False
16 2 7
16 2 7 False
16 3 6
16 4 5
16 5 4
16 5 4 False
17 3 5
17 3 5 False
17 4 4
17 4 4 False
18 2 5
18 2 5 False
18 3 4
18 3 4 False
19 3 3
19 3 3 False
