1 3 28
1 3 28 False
1 4 27
1 4 27 False
1 5 26
1 5 26 True
1 6 25
1 6 25 False
1 7 24
1 7 24 True
1 8 23
1 8 23 False
1 9 22
1 9 22 False
1 10 21
1 10 21 False
1 11 20
1 11 20 False
2 4 26
2 4 26 True
2 5 25
2 5 25 True
2 6 24
2 6 24 True
2 7 23
2 7 23 True
2 8 22
2 8 22 True
2 9 21
2 9 21 True
2 10 20
2 10 20 True
2 11 19
2 11 19 False
2 12 18
2 12 18 False
2 13 17
2 13 17 False
2 14 16
2 14 16 False
2 15 15
2 15 15 False
2 16 14
2 16 14 False
2 17 13
2 17 13 False
2 18 12
2 18 12 False
2 19 11
2 19 11 False
2 20 10
2 20 10 False
2 21 9
2 21 9 False
2 22 8
2 22 8 False
3 3 26
3 3 26 True
3 4 25
3 4 25 False
3 5 24
3 5 24 True
3 6 23
3 6 23 True
3 7 22
3 7 22 True
3 8 21
3 8 21 True
3 9 20
3 9 20 True
3 10 19
3 10 19 True
3 11 18
3 11 18 True
3 12 17
3 12 17 True
3 13 16
3 14 15
3 15 14
3 16 13
3 17 12
3 18 11
3 19 10
3 20 9
3 20 9 False
3 21 8
3 21 8 False
3 22 7
3 22 7 False
3 23 6
3 23 6 False
3 24 5
3 24 5 False
3 25 4
3 25 4 False
3 26 3
3 26 3 False
4 4 24
4 4 24 True
4 5 23
4 5 23 True
4 6 22
4 6 22 True
4 7 21
4 7 21 True
4 8 20
4 8 20 True
4 9 19
4 9 19 True
4 10 18
4 10 18 True
4 11 17
4 11 17 True
4 12 16
4 12 16 True
4 13 15
4 14 14
4 15 13
4 16 12
4 17 11
4 18 10
4 19 9
4 20 8
4 21 7
4 22 6
4 23 5
4 24 4
4 25 3
4 25 3 False
4 26 2
4 26 2 False
5 4 23
5 4 23 True
5 5 22
5 5 22 True
5 6 21
5 6 21 True
5 7 20
5 7 20 True
5 8 19
5 8 19 True
5 9 18
5 9 18 True
5 10 17
5 10 17 True
5 11 16
5 11 16 True
5 12 15
5 13 14
5 14 13
5 15 12
5 16 11
5 17 10
5 18 9
5 19 8
5 20 7
5 21 6
5 22 5
5 23 4
5 24 3
6 4 22
6 4 22 True
6 5 21
6 5 21 True
6 6 20
6 6 20 True
6 7 19
6 7 19 True
6 8 18
6 8 18 True
6 9 17
6 9 17 True
6 10 16
6 10 16 True
6 11 15
6 11 15 True
6 12 14
6 13 13
6 14 12
6 15 11
6 16 10
6 17 9
6 18 8
6 19 7
6 20 6
6 21 5
6 22 4
6 23 3
7 3 22
7 3 22 True
7 4 21
7 4 21 True
7 5 20
7 5 20 True
7 6 19
7 6 19 True
7 7 18
7 7 18 True
7 8 17
7 8 17 True
7 9 16
7 9 16 True
7 10 15
7 10 15 True
7 11 14
7 11 14 True
7 12 13
7 13 12
7 14 11
7 15 10
7 16 9
7 17 8
7 18 7
7 19 6
7 20 5
7 21 4
7 22 3
7 22 3 False
8 4 20
8 4 20 True
8 5 19
8 5 19 True
8 6 18
8 6 18 True
8 7 17
8 7 17 True
8 8 16
8 8 16 True
8 9 15
8 9 15 True
8 10 14
8 10 14 True
8 11 13
8 12 12
8 12 12 True
8 13 11
8 14 10
8 15 9
8 16 8
8 17 7
8 18 6
8 19 5
8 20 4
8 21 3
8 21 3 False
8 22 2
8 22 2 False
9 3 20
9 3 20 True
9 4 19
9 4 19 True
9 5 18
9 5 18 True
9 6 17
9 6 17 True
9 7 16
9 7 16 True
9 8 15
9 8 15 True
9 9 14
9 9 14 True
9 10 13
9 10 13 True
9 11 12
9 11 12 True
9 12 11
9 13 10
9 14 9
9 15 8
9 16 7
9 17 6
9 18 5
9 19 4
9 20 3
9 20 3 False
10 2 20
10 2 20 False
10 3 19
10 3 19 False
10 4 18
10 4 18 True
10 5 17
10 5 17 True
10 6 16
10 6 16 True
10 7 15
10 7 15 True
10 8 14
10 8 14 True
10 9 13
10 9 13 True
10 10 12
10 11 11
10 12 10
10 13 9
10 14 8
10 15 7
10 16 6
10 17 5
10 18 4
10 19 3
10 19 3 False
10 20 2
10 20 2 False
11 3 18
11 3 18 True
11 4 17
11 4 17 True
11 5 16
11 5 16 True
11 6 15
11 6 15 True
11 7 14
11 7 14 True
11 8 13
11 8 13 True
11 9 12
11 9 12 True
11 10 11
11 11 10
11 12 9
11 13 8
11 14 7
11 15 6
11 16 5
11 17 4
11 18 3
11 18 3 False
12 4 16
12 4 16 True
12 5 15
12 5 15 True
12 6 14
12 6 14 True
12 7 13
12 7 13 True
12 8 12
12 8 12 True
12 9 11
12 9 11 True
12 10 10
12 11 9
12 12 8
12 13 7
12 14 6
12 15 5
12 16 4
12 17 3
12 17 3 False
12 18 2
12 18 2 False
13 3 16
13 3 16 True
13 4 15
13 4 15 True
13 5 14
13 5 14 True
13 6 13
13 6 13 True
13 7 12
13 7 12 True
13 8 11
13 8 11 True
13 9 10
13 10 9
13 11 8
13 12 7
13 13 6
13 14 5
13 15 4
13 16 3
13 16 3 False
14 4 14
14 4 14 True
14 5 13
14 5 13 True
14 6 12
14 6 12 True
14 7 11
14 7 11 True
14 8 10
14 8 10 True
14 9 9
14 10 8
14 10 8 True
14 11 7
14 12 6
14 13 5
14 14 4
14 15 3
14 15 3 False
14 16 2
14 16 2 False
15 3 14
15 3 14 True
15 4 13
15 4 13 True
15 5 12
15 5 12 True
15 6 11
15 6 11 True
15 7 10
15 7 10 True
15 8 9
15 8 9 True
15 9 8
15 9 8 True
15 10 7
15 10 7 True
15 11 6
15 11 6 True
15 12 5
15 13 4
16 2 14
16 2 14 True
16 3 13
16 3 13 False
16 4 12
16 4 12 True
16 5 11
16 5 11 True
16 6 10
16 6 10 True
16 7 9
16 7 9 True
16 8 8
16 8 8 True
16 9 7
16 10 6
16 11 5
16 12 4
16 13 3
16 13 3 False
17 3 12
17 3 12 True
17 4 11
17 4 11 True
17 5 10
17 5 10 True
17 6 9
17 6 9 True
17 7 8
17 7 8 True
17 8 7
17 9 6
17 10 5
17 11 4
18 2 12
18 2 12 True
18 3 11
18 3 11 False
18 4 10
18 4 10 True
18 5 9
18 5 9 True
18 6 8
18 6 8 True
18 7 7
18 8 6
18 9 5
18 9 5 True
18 10 4
18 11 3
18 11 3 False
19 3 10
19 3 10 True
19 4 9
19 4 9 True
19 5 8
19 6 7
19 6 7 True
19 7 6
19 8 5
19 9 4
19 9 4 False
19 10 3
19 10 3 False
20 2 10
20 2 10 True
20 3 9
20 3 9 True
20 4 8
20 4 8 True
20 5 7
20 5 7 True
20 6 6
20 6 6 True
20 7 5
20 7 5 True
20 8 4
20 9 3
20 9 3 False
20 10 2
20 10 2 False
21 3 8
21 3 8 False
21 4 7
21 4 7 True
21 5 6
21 6 5
21 7 4
21 7 4 False
22 2 8
22 2 8 False
22 3 7
22 3 7 False
22 4 6
22 5 5
22 6 4
22 7 3
22 7 3 False
23 3 6
23 3 6 True
23 4 5
23 5 4
23 5 4 False
24 3 5
24 3 5 False
24 4 4
24 4 4 False
25 3 4
25 3 4 False
26 2 4
26 2 4 False
26 3 3
26 3 3 False
