1 3 19
1 3 19 True
1 4 18
1 4 18 False
1 5 17
1 5 17 True
1 6 16
1 6 16 False
1 7 15
1 7 15 False
1 8 14
1 8 14 False
1 9 13
1 9 13 False
1 10 12
1 10 12 False
1 11 11
1 11 11 False
2 4 17
2 4 17 True
2 5 16
2 5 16 True
2 6 15
2 6 15 True
2 7 14
2 7 14 False
2 8 13
2 8 13 False
2 9 12
2 9 12 False
2 10 11
2 10 11 False
2 11 10
2 11 10 False
2 12 9
2 12 9 False
2 13 8
2 13 8 False
2 14 7
2 14 7 False
2 15 6
2 15 6 False
2 16 5
2 16 5 False
2 17 4
2 17 4 False
2 18 3
2 18 3 False
3 3 17
3 3 17 True
3 4 16
3 4 16 False
3 5 15
3 5 15 True
3 6 14
3 6 14 True
3 7 13
3 8 12
3 9 11
3 10 10
3 11 9
3 12 8
3 13 7
3 14 6
3 15 5
3 15 5 False
3 16 4
3 16 4 False
3 17 3
3 17 3 False
3 18 2
3 18 2 False
4 4 15
4 4 15 True
4 5 14
4 5 14 True
4 6 13
4 6 13 True
4 7 12
4 8 11
4 9 10
4 10 9
4 11 8
4 12 7
4 13 6
4 14 5
4 15 4
4 16 3
5 4 14
5 4 14 True
5 5 13
5 5 13 True
5 6 12
5 6 12 True
5 7 11
5 7 11 True
5 8 10
5 9 9
5 10 8
5 11 7
5 12 6
5 13 5
5 14 4
5 15 3
5 16 2
5 16 2 False
6 4 13
6 4 13 True
6 5 12
6 5 12 True
6 6 11
6 6 11 True
6 7 10
6 8 9
6 9 8
6 10 7
6 11 6
6 12 5
6 13 4
7 3 13
7 3 13 False
7 4 12
7 4 12 True
7 5 11
7 5 11 True
7 6 10
7 6 10 True
7 7 9
7 7 9 True
7 8 8
7 9 7
7 10 6
7 11 5
7 12 4
7 13 3
7 13 3 False
8 4 11
8 4 11 True
8 5 10
8 5 10 True
8 6 9
8 7 8
8 7 8 True
8 8 7
8 9 6
8 10 5
8 11 4
9 3 11
9 3 11 False
9 4 10
9 4 10 True
9 5 9
9 5 9 True
9 6 8
9 6 8 True
9 7 7
9 8 6
9 9 5
9 10 4
9 11 3
9 11 3 False
10 2 11
10 2 11 True
10 3 10
10 3 10 False
10 4 9
10 5 8
10 6 7
10 6 7 True
10 7 6
10 8 5
10 9 4
10 10 3
10 10 3 False
11 3 9
11 3 9 True
11 4 8
11 4 8 True
11 5 7
11 6 6
11 7 5
11 8 4
11 9 3
11 9 3 False
11 10 2
11 10 2 False
12 4 7
12 5 6
12 6 5
12 7 4
12 7 4 False
13 3 7
13 3 7 False
13 4 6
13 5 5
13 6 4
13 7 3
13 7 3 False
14 4 5
14 5 4
14 5 4 False
15 3 5
15 3 5 False
15 4 4
15 4 4 False
16 2 5
16 2 5 False
16 3 4
16 3 4 False
17 3 3
17 3 3 False
