1 3 26
1 3 26 True
1 4 25
1 4 25 False
1 5 24
1 5 24 True
1 6 23
1 6 23 False
1 7 22
1 7 22 True
1 8 21
1 8 21 False
1 9 20
1 9 20 False
1 10 19
1 10 19 False
1 11 18
1 11 18 False
2 4 24
2 4 24 True
2 5 23
2 5 23 True
2 6 22
2 6 22 True
2 7 21
2 7 21 True
2 8 20
2 8 20 True
2 9 19
2 9 19 True
2 10 18
2 10 18 False
2 11 17
2 11 17 False
2 12 16
2 12 16 False
2 13 15
2 13 15 False
2 14 14
2 14 14 False
2 15 13
2 15 13 False
2 16 12
2 16 12 False
2 17 11
2 17 11 False
2 18 10
2 18 10 False
2 19 9
2 19 9 False
2 20 8
2 20 8 False
2 21 7
2 21 7 False
2 22 6
2 22 6 False
3 3 24
3 3 24 True
3 4 23
3 4 23 False
3 5 22
3 5 22 True
3 6 21
3 6 21 True
3 7 20
3 7 20 True
3 8 19
3 8 19 True
3 9 18
3 9 18 True
3 10 17
3 10 17 True
3 11 16
3 11 16 True
3 12 15
3 13 14
3 14 13
3 15 12
3 16 11
3 17 10
3 18 9
3 19 8
3 20 7
3 21 6
3 21 6 False
3 22 5
3 22 5 False
3 23 4
3 23 4 False
3 24 3
3 24 3 False
4 4 22
4 4 22 True
4 5 21
4 5 21 True
4 6 20
4 6 20 True
4 7 19
4 7 19 True
4 8 18
4 8 18 True
4 9 17
4 9 17 True
4 10 16
4 10 16 True
4 11 15
4 12 14
4 13 13
4 14 12
4 15 11
4 16 10
4 17 9
4 18 8
4 19 7
4 20 6
4 21 5
4 22 4
4 23 3
5 4 21
5 4 21 True
5 5 20
5 5 20 True
5 6 19
5 6 19 True
5 7 18
5 7 18 True
5 8 17
5 8 17 True
5 9 16
5 9 16 True
5 10 15
5 10 15 True
5 11 14
5 12 13
5 13 12
5 14 11
5 15 10
5 16 9
5 17 8
5 18 7
5 19 6
5 20 5
5 21 4
5 22 3
6 4 20
6 4 20 True
6 5 19
6 5 19 True
6 6 18
6 6 18 True
6 7 17
6 7 17 True
6 8 16
6 8 16 True
6 9 15
6 9 15 True
6 10 14
6 10 14 True
6 11 13
6 12 12
6 13 11
6 14 10
6 15 9
6 16 8
6 17 7
6 18 6
6 19 5
6 20 4
6 21 3
6 22 2
6 22 2 False
7 3 20
7 3 20 True
7 4 19
7 4 19 True
7 5 18
7 5 18 True
7 6 17
7 6 17 True
7 7 16
7 7 16 True
7 8 15
7 8 15 True
7 9 14
7 9 14 True
7 10 13
7 11 12
7 12 11
7 13 10
7 14 9
7 15 8
7 16 7
7 17 6
7 18 5
7 19 4
7 20 3
8 4 18
8 4 18 True
8 5 17
8 5 17 True
8 6 16
8 6 16 True
8 7 15
8 7 15 True
8 8 14
8 8 14 True
8 9 13
8 9 13 True
8 10 12
8 11 11
8 12 10
8 13 9
8 14 8
8 15 7
8 16 6
8 17 5
8 18 4
8 19 3
8 20 2
8 20 2 False
9 3 18
9 3 18 True
9 4 17
9 4 17 True
9 5 16
9 5 16 True
9 6 15
9 6 15 True
9 7 14
9 7 14 True
9 8 13
9 8 13 True
9 9 12
9 10 11
9 11 10
9 12 9
9 13 8
9 14 7
9 15 6
9 16 5
9 17 4
9 18 3
9 18 3 False
10 2 18
10 2 18 False
10 3 17
10 3 17 False
10 4 16
10 4 16 True
10 5 15
10 5 15 True
10 6 14
10 6 14 True
10 7 13
10 7 13 True
10 8 12
10 8 12 True
10 9 11
10 9 11 True
10 10 10
10 11 9
10 12 8
10 13 7
10 14 6
10 15 5
10 16 4
10 17 3
10 17 3 False
10 18 2
10 18 2 False
11 3 16
11 3 16 True
11 4 15
11 4 15 True
11 5 14
11 5 14 True
11 6 13
11 6 13 True
11 7 12
11 7 12 True
11 8 11
11 8 11 True
11 9 10
11 10 9
11 11 8
11 12 7
11 13 6
11 14 5
11 15 4
11 16 3
11 16 3 False
12 4 14
12 4 14 True
12 5 13
12 5 13 True
12 6 12
12 6 12 True
12 7 11
12 7 11 True
12 8 10
12 9 9
12 10 8
12 11 7
12 12 6
12 13 5
12 14 4
12 15 3
12 15 3 False
12 16 2
12 16 2 False
13 3 14
13 3 14 True
13 4 13
13 4 13 True
13 5 12
13 5 12 True
13 6 11
13 6 11 True
13 7 10
13 8 9
13 9 8
13 10 7
13 11 6
13 12 5
13 13 4
14 4 12
14 4 12 True
14 5 11
14 5 11 True
14 6 10
14 6 10 True
14 7 9
14 7 9 True
14 8 8
14 9 7
14 10 6
14 11 5
14 12 4
14 13 3
15 3 12
15 3 12 True
15 4 11
15 4 11 True
15 5 10
15 5 10 True
15 6 9
15 6 9 True
15 7 8
15 7 8 True
15 8 7
15 9 6
15 9 6 True
15 10 5
15 11 4
16 2 12
16 2 12 True
16 3 11
16 3 11 False
16 4 10
16 4 10 True
16 5 9
16 5 9 True
16 6 8
16 7 7
16 8 6
16 9 5
16 9 5 True
16 10 4
16 11 3
17 3 10
17 3 10 True
17 4 9
17 5 8
17 5 8 True
17 6 7
17 7 6
17 8 5
17 9 4
17 10 3
17 10 3 False
18 2 10
18 2 10 True
18 3 9
18 3 9 False
18 4 8
18 4 8 True
18 5 7
18 6 6
18 7 5
18 8 4
18 9 3
18 10 2
18 10 2 False
19 3 8
19 4 7
19 5 6
19 6 5
19 7 4
19 7 4 False
20 2 8
20 2 8 False
20 3 7
20 4 6
20 5 5
20 6 4
20 7 3
20 7 3 False
21 3 6
21 4 5
21 5 4
21 5 4 False
22 2 6
22 2 6 False
22 3 5
22 4 4
23 3 4
23 3 4 False
24 3 3
24 3 3 False
