1 3 20
1 3 20 True
1 4 19
1 4 19 False
1 5 18
1 5 18 True
1 6 17
1 6 17 False
1 7 16
1 7 16 False
1 8 15
1 8 15 False
1 9 14
1 9 14 False
1 10 13
1 10 13 False
1 11 12
1 11 12 False
2 4 18
2 4 18 True
2 5 17
2 5 17 True
2 6 16
2 6 16 True
2 7 15
2 7 15 False
2 8 14
2 8 14 False
2 9 13
2 9 13 False
2 10 12
2 10 12 False
2 11 11
2 11 11 False
2 12 10
2 12 10 False
2 13 9
2 13 9 False
2 14 8
2 14 8 False
2 15 7
2 15 7 False
2 16 6
2 16 6 False
2 17 5
2 17 5 False
2 18 4
2 18 4 False
2 19 3
2 19 3 False
2 20 2
2 20 2 False
3 3 18
3 3 18 True
3 4 17
3 4 17 False
3 5 16
3 5 16 True
3 6 15
3 6 15 True
3 7 14
3 7 14 True
3 8 13
3 9 12
3 10 11
3 11 10
3 12 9
3 13 8
3 14 7
3 15 6
3 15 6 False
3 16 5
3 16 5 False
3 17 4
3 17 4 False
3 18 3
3 18 3 False
4 4 16
4 4 16 True
4 5 15
4 5 15 True
4 6 14
4 6 14 True
4 7 13
4 7 13 True
4 8 12
4 9 11
4 9 11 True
4 10 10
4 11 9
4 12 8
4 13 7
4 14 6
4 15 5
4 16 4
4 17 3
4 17 3 False
4 18 2
4 18 2 False
5 4 15
5 4 15 True
5 5 14
5 5 14 True
5 6 13
5 6 13 True
5 7 12
5 7 12 True
5 8 11
5 8 11 True
5 9 10
5 9 10 True
5 10 9
5 11 8
5 12 7
5 13 6
5 14 5
5 15 4
5 16 3
5 16 3 False
6 4 14
6 4 14 True
6 5 13
6 5 13 True
6 6 12
6 6 12 True
6 7 11
6 7 11 True
6 8 10
6 9 9
6 10 8
6 11 7
6 12 6
6 13 5
6 14 4
6 15 3
6 16 2
6 16 2 False
7 3 14
7 3 14 True
7 4 13
7 4 13 True
7 5 12
7 5 12 True
7 6 11
7 6 11 True
7 7 10
7 7 10 True
7 8 9
7 9 8
7 10 7
7 11 6
7 12 5
7 13 4
8 4 12
8 4 12 True
8 5 11
8 5 11 True
8 6 10
8 6 10 True
8 7 9
8 7 9 True
8 8 8
8 9 7
8 10 6
8 11 5
8 12 4
8 13 3
8 13 3 False
9 3 12
9 3 12 True
9 4 11
9 4 11 True
9 5 10
9 6 9
9 6 9 True
9 7 8
9 8 7
9 9 6
9 10 5
9 11 4
10 2 12
10 2 12 True
10 3 11
10 3 11 False
10 4 10
10 5 9
10 6 8
10 6 8 True
10 7 7
10 8 6
10 9 5
10 9 5 True
10 10 4
10 11 3
10 11 3 False
11 3 10
11 3 10 True
11 4 9
11 4 9 True
11 5 8
11 6 7
11 7 6
11 8 5
11 9 4
11 9 4 False
11 10 3
11 10 3 False
12 4 8
12 5 7
12 6 6
12 7 5
12 8 4
12 9 3
12 9 3 False
12 10 2
12 10 2 False
13 3 8
13 3 8 False
13 4 7
13 5 6
13 6 5
13 7 4
13 7 4 False
14 4 6
14 5 5
14 6 4
14 7 3
14 7 3 False
15 3 6
15 3 6 False
15 4 5
15 5 4
15 5 4 False
16 2 6
16 2 6 False
16 3 5
16 3 5 False
16 4 4
16 4 4 False
17 3 4
17 3 4 False
18 2 4
18 2 4 False
18 3 3
18 3 3 False
