1 3 12 True
1 4 11 False
1 5 10 False
1 6 9 False
1 7 8 False
1 8 7 False
1 9 6 False
1 10 5 False
1 11 4 False
2 4 10 True
2 5 9 False
2 6 8 False
2 7 7 False
2 8 6 False
2 9 5 False
2 10 4 False
2 11 3 False
3 3 10 False
3 4 9 False
3 5 8 False
3 6 7 False
3 7 6 False
3 8 5 False
3 9 4 False
3 10 3 False
4 4 8 False
4 5 7 False
4 6 6 False
4 7 5 False
4 8 4 False
4 9 3 False
4 10 2 False
5 4 7 False
5 5 6 False
5 6 5 False
5 7 4 False
6 4 6 False
6 5 5 False
6 6 4 False
6 7 3 False
7 3 6 False
7 4 5 False
7 5 4 False
8 4 4 False
9 3 4 False
10 2 4 False
10 3 3 False
