1 3 23
1 3 23 True
1 4 22
1 4 22 False
1 5 21
1 5 21 True
1 6 20
1 6 20 False
1 7 19
1 7 19 True
1 8 18
1 8 18 False
1 9 17
1 9 17 False
1 10 16
1 10 16 False
1 11 15
1 11 15 False
2 4 21
2 4 21 True
2 5 20
2 5 20 True
2 6 19
2 6 19 True
2 7 18
2 7 18 True
2 8 17
2 8 17 True
2 9 16
2 9 16 False
2 10 15
2 10 15 False
2 11 14
2 11 14 False
2 12 13
2 12 13 False
2 13 12
2 13 12 False
2 14 11
2 14 11 False
2 15 10
2 15 10 False
2 16 9
2 16 9 False
2 17 8
2 17 8 False
2 18 7
2 18 7 False
2 19 6
2 19 6 False
2 20 5
2 20 5 False
2 21 4
2 21 4 False
2 22 3
2 22 3 False
3 3 21
3 3 21 True
3 4 20
3 4 20 False
3 5 19
3 5 19 True
3 6 18
3 6 18 True
3 7 17
3 7 17 True
3 8 16
3 8 16 True
3 9 15
3 9 15 True
3 10 14
3 11 13
3 12 12
3 13 11
3 14 10
3 15 9
3 16 8
3 17 7
3 17 7 False
3 18 6
3 18 6 False
3 19 5
3 19 5 False
3 20 4
3 20 4 False
3 21 3
3 21 3 False
3 22 2
3 22 2 False
4 4 19
4 4 19 True
4 5 18
4 5 18 True
4 6 17
4 6 17 True
4 7 16
4 7 16 True
4 8 15
4 8 15 True
4 9 14
4 9 14 True
4 10 13
4 11 12
4 12 11
4 13 10
4 14 9
4 15 8
4 16 7
4 17 6
4 18 5
4 19 4
4 20 3
5 4 18
5 4 18 True
5 5 17
5 5 17 True
5 6 16
5 6 16 True
5 7 15
5 7 15 True
5 8 14
5 8 14 True
5 9 13
5 9 13 True
5 10 12
5 10 12 True
5 11 11
5 12 10
5 13 9
5 14 8
5 15 7
5 16 6
5 17 5
5 18 4
5 19 3
5 20 2
5 20 2 False
6 4 17
6 4 17 True
6 5 16
6 5 16 True
6 6 15
6 6 15 True
6 7 14
6 7 14 True
6 8 13
6 8 13 True
6 9 12
6 9 12 True
6 10 11
6 11 10
6 12 9
6 13 8
6 14 7
6 15 6
6 16 5
6 17 4
6 18 3
6 18 3 False
7 3 17
7 3 17 True
7 4 16
7 4 16 True
7 5 15
7 5 15 True
7 6 14
7 6 14 True
7 7 13
7 7 13 True
7 8 12
7 8 12 True
7 9 11
7 10 10
7 11 9
7 12 8
7 13 7
7 14 6
7 15 5
7 16 4
7 17 3
7 17 3 False
7 18 2
7 18 2 False
8 4 15
8 4 15 True
8 5 14
8 5 14 True
8 6 13
8 6 13 True
8 7 12
8 7 12 True
8 8 11
8 8 11 True
8 9 10
8 10 9
8 11 8
8 12 7
8 13 6
8 14 5
8 15 4
8 16 3
8 16 3 False
9 3 15
9 3 15 True
9 4 14
9 4 14 True
9 5 13
9 5 13 True
9 6 12
9 6 12 True
9 7 11
9 7 11 True
9 8 10
9 9 9
9 10 8
9 11 7
9 12 6
9 13 5
9 14 4
9 15 3
9 15 3 False
9 16 2
9 16 2 False
10 2 15
10 2 15 False
10 3 14
10 3 14 False
10 4 13
10 4 13 True
10 5 12
10 5 12 True
10 6 11
10 6 11 True
10 7 10
10 7 10 True
10 8 9
10 9 8
10 9 8 True
10 10 7
10 11 6
10 12 5
10 13 4
11 3 13
11 3 13 True
11 4 12
11 4 12 True
11 5 11
11 5 11 True
11 6 10
11 6 10 True
11 7 9
11 8 8
11 9 7
11 10 6
11 11 5
11 12 4
11 13 3
11 13 3 False
12 4 11
12 4 11 True
12 5 10
12 5 10 True
12 6 9
12 6 9 True
12 7 8
12 8 7
12 9 6
12 10 5
12 11 4
13 3 11
13 3 11 True
13 4 10
13 4 10 True
13 5 9
13 5 9 True
13 6 8
13 7 7
13 8 6
13 9 5
13 9 5 True
13 10 4
13 11 3
13 11 3 False
14 4 9
14 4 9 True
14 5 8
14 6 7
14 7 6
14 8 5
14 9 4
14 10 3
14 10 3 False
15 3 9
15 3 9 False
15 4 8
15 5 7
15 5 7 True
15 6 6
15 7 5
15 8 4
15 9 3
15 10 2
15 10 2 False
16 2 9
16 2 9 False
16 3 8
16 3 8 False
16 4 7
16 5 6
16 6 5
16 7 4
16 7 4 False
17 3 7
17 3 7 False
17 4 6
17 5 5
17 6 4
17 7 3
17 7 3 False
18 2 7
18 2 7 False
18 3 6
18 3 6 False
18 4 5
18 5 4
18 5 4 False
19 3 5
19 3 5 False
19 4 4
19 4 4 False
20 2 5
20 2 5 False
20 3 4
20 3 4 False
21 3 3
21 3 3 False
