1 3 14 True
1 4 13 False
1 5 12 False
1 6 11 False
1 7 10 False
1 8 9 False
1 9 8 False
1 10 7 False
1 11 6 False
2 4 12 True
2 5 11 False
2 6 10 False
2 7 9 False
2 8 8 False
2 9 7 False
2 10 6 False
2 11 5 False
2 12 4 False
2 13 3 False
3 3 12 False
3 4 11 False
3 5 10 False
3 6 9 False
3 7 8 False
3 8 7 False
3 9 6 False
3 10 5 False
3 11 4 False
4 4 10 True
4 5 9 False
4 6 8 False
4 7 7 False
4 8 6 False
4 9 5 False
4 10 4 False
4 11 3 False
5 4 9 False
5 5 8 False
5 6 7 False
5 7 6 False
5 8 5 False
5 9 4 False
5 10 3 False
6 4 8 False
6 5 7 False
6 6 6 False
6 7 5 False
6 8 4 False
6 9 3 False
6 10 2 False
7 3 8 False
7 4 7 False
7 5 6 False
7 6 5 False
7 7 4 False
8 4 6 False
8 5 5 False
8 6 4 False
8 7 3 False
9 3 6 False
9 4 5 False
9 5 4 False
10 2 6 False
10 3 5 False
10 4 4 False
11 3 4 False
