1 3 13 True
1 4 12 False
1 5 11 False
1 6 10 False
1 7 9 False
1 8 8 False
1 9 7 False
1 10 6 False
1 11 5 False
2 4 11 True
2 5 10 False
2 6 9 False
2 7 8 False
2 8 7 False
2 9 6 False
2 10 5 False
2 11 4 False
3 3 11 False
3 4 10 False
3 5 9 False
3 6 8 False
3 7 7 False
3 8 6 False
3 9 5 False
3 10 4 False
3 11 3 False
4 4 9 False
4 5 8 False
4 6 7 False
4 7 6 False
4 8 5 False
4 9 4 False
4 10 3 False
5 4 8 False
5 5 7 False
5 6 6 False
5 7 5 False
5 8 4 False
5 9 3 False
5 10 2 False
6 4 7 False
6 5 6 False
6 6 5 False
6 7 4 False
7 3 7 False
7 4 6 False
7 5 5 False
7 6 4 False
7 7 3 False
8 4 5 False
8 5 4 False
9 3 5 False
9 4 4 False
10 2 5 False
10 3 4 False
11 3 3 False
