1 3 25
1 3 25 True
1 4 24
1 4 24 False
1 5 23
1 5 23 True
1 6 22
1 6 22 False
1 7 21
1 7 21 True
1 8 20
1 8 20 False
1 9 19
1 9 19 False
1 10 18
1 10 18 False
1 11 17
1 11 17 False
2 4 23
2 4 23 True
2 5 22
2 5 22 True
2 6 21
2 6 21 True
2 7 20
2 7 20 True
2 8 19
2 8 19 True
2 9 18
2 9 18 True
2 10 17
2 10 17 False
2 11 16
2 11 16 False
2 12 15
2 12 15 False
2 13 14
2 13 14 False
2 14 13
2 14 13 False
2 15 12
2 15 12 False
2 16 11
2 16 11 False
2 17 10
2 17 10 False
2 18 9
2 18 9 False
2 19 8
2 19 8 False
2 20 7
2 20 7 False
2 21 6
2 21 6 False
2 22 5
2 22 5 False
3 3 23
3 3 23 True
3 4 22
3 4 22 False
3 5 21
3 5 21 True
3 6 20
3 6 20 True
3 7 19
3 7 19 True
3 8 18
3 8 18 True
3 9 17
3 9 17 True
3 10 16
3 11 15
3 12 14
3 13 13
3 14 12
3 15 11
3 16 10
3 17 9
3 18 8
3 19 7
3 20 6
3 20 6 False
3 21 5
3 21 5 False
3 22 4
3 22 4 False
3 23 3
3 23 3 False
4 4 21
4 4 21 True
4 5 20
4 5 20 True
4 6 19
4 6 19 True
4 7 18
4 7 18 True
4 8 17
4 8 17 True
4 9 16
4 9 16 True
4 10 15
4 10 15 True
4 11 14
4 12 13
4 13 12
4 14 11
4 15 10
4 16 9
4 17 8
4 18 7
4 19 6
4 20 5
4 21 4
4 22 3
5 4 20
5 4 20 True
5 5 19
5 5 19 True
5 6 18
5 6 18 True
5 7 17
5 7 17 True
5 8 16
5 8 16 True
5 9 15
5 9 15 True
5 10 14
5 10 14 True
5 11 13
5 12 12
5 13 11
5 14 10
5 15 9
5 16 8
5 17 7
5 18 6
5 19 5
5 20 4
5 21 3
5 22 2
5 22 2 False
6 4 19
6 4 19 True
6 5 18
6 5 18 True
6 6 17
6 6 17 True
6 7 16
6 7 16 True
6 8 15
6 8 15 True
6 9 14
6 9 14 True
6 10 13
6 11 12
6 12 11
6 13 10
6 14 9
6 15 8
6 16 7
6 17 6
6 18 5
6 19 4
6 20 3
7 3 19
7 3 19 True
7 4 18
7 4 18 True
7 5 17
7 5 17 True
7 6 16
7 6 16 True
7 7 15
7 7 15 True
7 8 14
7 8 14 True
7 9 13
7 9 13 True
7 10 12
7 11 11
7 12 10
7 13 9
7 14 8
7 15 7
7 16 6
7 17 5
7 18 4
7 19 3
7 20 2
7 20 2 False
8 4 17
8 4 17 True
8 5 16
8 5 16 True
8 6 15
8 6 15 True
8 7 14
8 7 14 True
8 8 13
8 8 13 True
8 9 12
8 10 11
8 11 10
8 12 9
8 13 8
8 14 7
8 15 6
8 16 5
8 17 4
8 18 3
9 3 17
9 3 17 True
9 4 16
9 4 16 True
9 5 15
9 5 15 True
9 6 14
9 6 14 True
9 7 13
9 7 13 True
9 8 12
9 8 12 True
9 9 11
9 10 10
9 11 9
9 12 8
9 13 7
9 14 6
9 15 5
9 16 4
9 17 3
9 17 3 False
9 18 2
9 18 2 False
10 2 17
10 2 17 False
10 3 16
10 3 16 False
10 4 15
10 4 15 True
10 5 14
10 5 14 True
10 6 13
10 6 13 True
10 7 12
10 7 12 True
10 8 11
10 9 10
10 10 9
10 11 8
10 12 7
10 13 6
10 14 5
10 15 4
10 16 3
10 16 3 False
11 3 15
11 3 15 True
11 4 14
11 4 14 True
11 5 13
11 5 13 True
11 6 12
11 6 12 True
11 7 11
11 7 11 True
11 8 10
11 8 10 True
11 9 9
11 10 8
11 11 7
11 12 6
11 13 5
11 14 4
11 15 3
11 15 3 False
11 16 2
11 16 2 False
12 4 13
12 4 13 True
12 5 12
12 5 12 True
12 6 11
12 6 11 True
12 7 10
12 7 10 True
12 8 9
12 9 8
12 10 7
12 11 6
12 12 5
12 13 4
13 3 13
13 3 13 True
13 4 12
13 4 12 True
13 5 11
13 5 11 True
13 6 10
13 6 10 True
13 7 9
13 7 9 True
13 8 8
13 9 7
13 10 6
13 11 5
13 12 4
13 13 3
13 13 3 False
14 4 11
14 4 11 True
14 5 10
14 5 10 True
14 6 9
14 7 8
14 7 8 True
14 8 7
14 9 6
14 10 5
14 11 4
15 3 11
15 3 11 False
15 4 10
15 5 9
15 5 9 True
15 6 8
15 6 8 True
15 7 7
15 8 6
15 9 5
15 9 5 True
15 10 4
15 11 3
16 2 11
16 2 11 False
16 3 10
16 3 10 False
16 4 9
16 5 8
16 6 7
16 7 6
16 8 5
16 9 4
16 10 3
16 10 3 False
17 3 9
17 3 9 True
17 4 8
17 4 8 True
17 5 7
17 6 6
17 7 5
17 8 4
17 9 3
17 10 2
17 10 2 False
18 2 9
18 2 9 True
18 3 8
18 3 8 False
18 4 7
18 5 6
18 6 5
18 7 4
18 7 4 False
19 3 7
19 4 6
19 5 5
19 6 4
19 7 3
19 7 3 False
20 2 7
20 2 7 False
20 3 6
20 3 6 True
20 4 5
20 5 4
20 5 4 False
21 3 5
21 4 4
22 2 5
22 2 5 False
22 3 4
22 3 4 False
23 3 3
23 3 3 True
