1 3 15 True
1 4 14 False
1 5 13 False
1 6 12 False
1 7 11 False
1 8 10 False
1 9 9 False
1 10 8 False
1 11 7 False
2 4 13 True
2 5 12 False
2 6 11 False
2 7 10 False
2 8 9 False
2 9 8 False
2 10 7 False
2 11 6 False
2 12 5 False
2 13 4 False
3 3 13 True
3 4 12 False
3 5 11 False
3 6 10 False
3 7 9 False
3 8 8 False
3 9 7 False
3 10 6 False
3 11 5 False
3 12 4 False
3 13 3 False
4 4 11 True
4 5 10 False
4 6 9 False
4 7 8 False
4 8 7 False
4 9 6 False
4 10 5 False
4 11 4 False
5 4 10 False
5 5 9 False
5 6 8 False
5 7 7 False
5 8 6 False
5 9 5 False
5 10 4 False
5 11 3 False
6 4 9 False
6 5 8 False
6 6 7 False
6 7 6 False
6 8 5 False
6 9 4 False
6 10 3 False
7 3 9 False
7 4 8 False
7 5 7 False
7 6 6 False
7 7 5 False
7 8 4 False
7 9 3 False
7 10 2 False
8 4 7 False
8 5 6 False
8 6 5 False
8 7 4 False
9 3 7 False
9 4 6 False
9 5 5 False
9 6 4 False
9 7 3 False
10 2 7 False
10 3 6 False
10 4 5 False
10 5 4 False
11 3 5 False
11 4 4 False
13 3 3 False
