1 3 18 True
1 4 17 False
1 5 16 True
1 6 15 False
1 7 14 False
1 8 13 False
1 9 12 False
1 10 11 False
1 11 10 False
2 4 16 True
2 5 15 True
2 6 14 True
2 7 13 False
2 8 12 False
2 9 11 False
2 10 10 False
2 11 9 False
2 12 8 False
2 13 7 False
2 14 6 False
2 15 5 False
2 16 4 False
2 17 3 False
2 18 2 False
3 3 16 True
3 4 15 False
3 5 14 True
3 6 13 True
3 7 12 False
3 8 11 False
3 9 10 False
3 10 9 False
3 11 8 False
3 12 7 False
3 13 6 False
3 14 5 False
3 15 4 False
3 16 3 False
4 4 14 True
4 5 13 True
4 6 12 True
4 7 11 False
4 8 10 False
4 9 9 False
4 10 8 False
4 11 7 False
4 12 6 False
4 13 5 False
4 14 4 False
4 15 3 False
4 16 2 False
5 4 13 True
5 5 12 True
5 6 11 True
5 7 10 False
5 8 9 False
5 9 8 False
5 10 7 False
5 11 6 False
5 12 5 False
5 13 4 False
6 4 12 True
6 5 11 True
6 6 10 True
6 7 9 False
6 8 8 False
6 9 7 False
6 10 6 False
6 11 5 False
6 12 4 False
6 13 3 False
7 3 12 False
7 4 11 True
7 5 10 True
7 6 9 False
7 7 8 False
7 8 7 False
7 9 6 False
7 10 5 False
7 11 4 False
8 4 10 True
8 5 9 True
8 6 8 False
8 7 7 False
8 8 6 False
8 9 5 False
8 10 4 False
8 11 3 False
9 3 10 False
9 4 9 False
9 5 8 False
9 6 7 False
9 7 6 False
9 8 5 False
9 9 4 False
9 10 3 False
10 2 10 True
10 3 9 False
10 4 8 False
10 5 7 False
10 6 6 False
10 7 5 False
10 8 4 False
10 9 3 False
10 10 2 False
11 3 8 False
11 4 7 False
11 5 6 False
11 6 5 False
11 7 4 False
12 4 6 False
12 5 5 False
12 6 4 False
12 7 3 False
13 3 6 False
13 4 5 False
13 5 4 False
14 4 4 False
15 3 4 False
16 2 4 False
16 3 3 False
