2 10 13
2 10 13 False
2 11 12
2 11 12 False
2 12 11
2 12 11 False
2 13 10
2 13 10 False
2 14 9
2 14 9 False
2 15 8
2 15 8 False
2 16 7
2 16 7 False
2 17 6
2 17 6 False
2 18 5
2 18 5 False
2 19 4
2 19 4 False
2 20 3
2 20 3 False
2 21 2
2 21 2 False
3 2 20
3 2 20 False
3 3 19
3 3 19 False
3 4 18
3 4 18 False
3 5 17
3 5 17 False
3 6 16
3 6 16 False
3 7 15
3 7 15 False
3 8 14
3 8 14 False
3 9 13
3 9 13 False
3 10 12
3 10 12 False
3 11 11
3 11 11 False
3 12 10
3 12 10 False
3 13 9
3 13 9 False
3 14 8
3 14 8 False
3 15 7
3 15 7 False
3 16 6
3 16 6 False
3 17 5
3 17 5 False
3 18 4
3 18 4 False
3 19 3
3 19 3 False
3 20 2
3 20 2 False
4 2 19
4 2 19 False
4 3 18
4 3 18 False
4 4 17
4 5 16
4 5 16 False
4 6 15
4 7 14
4 7 14 False
4 8 13
4 9 12
4 10 11
4 11 10
4 12 9
4 13 8
4 14 7
4 15 6
4 16 5
4 17 4
4 18 3
4 18 3 False
4 19 2
4 19 2 False
5 2 18
5 2 18 False
5 3 17
5 3 17 False
5 4 16
5 5 15
5 6 14
5 6 14 True
5 7 13
5 8 12
5 9 11
5 9 11 True
5 10 10
5 11 9
5 12 8
5 13 7
5 14 6
5 15 5
5 16 4
5 17 3
5 17 3 False
5 18 2
5 18 2 False
6 2 17
6 2 17 False
6 3 16
6 3 16 False
6 4 15
6 5 14
6 6 13
6 7 12
6 8 11
6 9 10
6 9 10 True
6 10 9
6 11 8
6 12 7
6 13 6
6 14 5
6 15 4
6 16 3
6 16 3 False
6 17 2
6 17 2 False
7 2 16
7 2 16 False
7 3 15
7 3 15 False
7 4 14
7 5 13
7 6 12
7 7 11
7 7 11 True
7 8 10
7 9 9
7 10 8
7 11 7
7 12 6
7 13 5
7 14 4
7 15 3
7 15 3 False
7 16 2
7 16 2 False
8 2 15
8 2 15 False
8 3 14
8 3 14 False
8 4 13
8 4 13 True
8 5 12
8 6 11
8 6 11 True
8 7 10
8 8 9
8 8 9 True
8 9 8
8 10 7
8 11 6
8 12 5
8 13 4
8 14 3
8 15 2
8 15 2 False
9 2 14
9 2 14 False
9 3 13
9 3 13 False
9 4 12
9 4 12 True
9 5 11
9 6 10
9 6 10 True
9 7 9
9 7 9 True
9 8 8
9 8 8 True
9 9 7
9 10 6
9 11 5
9 12 4
9 13 3
9 14 2
9 14 2 False
10 2 13
10 2 13 False
10 3 12
10 3 12 False
10 4 11
10 4 11 False
10 5 10
10 5 10 True
10 6 9
10 6 9 True
10 7 8
10 7 8 True
10 8 7
10 8 7 True
10 9 6
10 10 5
10 10 5 True
10 11 4
10 12 3
10 13 2
10 13 2 False
11 2 12
11 2 12 False
11 3 11
11 3 11 True
11 4 10
11 4 10 False
11 5 9
11 5 9 True
11 6 8
11 6 8 True
11 7 7
11 7 7 True
11 8 6
11 8 6 True
11 9 5
11 9 5 True
11 10 4
11 11 3
11 12 2
11 12 2 False
12 2 11
12 2 11 False
12 3 10
12 3 10 False
12 4 9
12 4 9 True
12 5 8
12 5 8 True
12 6 7
12 6 7 True
12 7 6
12 7 6 True
12 8 5
12 8 5 True
12 9 4
12 9 4 True
12 10 3
12 10 3 True
12 11 2
12 11 2 False
13 2 10
13 2 10 True
13 3 9
13 3 9 True
13 4 8
13 4 8 True
13 5 7
13 5 7 True
13 6 6
13 6 6 True
13 7 5
13 7 5 True
13 8 4
13 9 3
13 10 2
13 10 2 False
13 11 1
13 11 1 False
14 3 8
14 3 8 False
14 4 7
14 4 7 True
14 5 6
14 5 6 True
14 6 5
14 6 5 True
14 7 4
14 7 4 True
14 8 3
14 8 3 True
14 9 2
14 9 2 False
15 3 7
15 3 7 True
15 4 6
15 4 6 True
15 5 5
15 5 5 True
15 6 4
15 6 4 True
15 7 3
15 7 3 True
15 8 2
15 8 2 False
15 9 1
15 9 1 False
16 3 6
16 3 6 False
16 4 5
16 4 5 True
16 5 4
16 5 4 True
16 6 3
16 6 3 True
16 7 2
16 7 2 True
17 3 5
17 3 5 False
17 4 4
17 4 4 True
17 5 3
17 5 3 True
17 6 2
17 6 2 True
17 7 1
17 7 1 False
18 3 4
18 3 4 False
18 4 3
18 4 3 False
18 5 2
18 5 2 True
19 3 3
19 3 3 True
19 4 2
19 4 2 True
19 5 1
19 5 1 True
20 3 2
20 3 2 False
21 3 1
21 3 1 True
