2 10 8
2 10 8 False
2 11 7
2 11 7 False
2 12 6
2 12 6 False
2 13 5
2 13 5 False
2 14 4
2 14 4 False
2 15 3
2 15 3 False
2 16 2
2 16 2 False
3 2 15
3 2 15 False
3 3 14
3 3 14 False
3 4 13
3 4 13 False
3 5 12
3 5 12 False
3 6 11
3 6 11 False
3 7 10
3 7 10 False
3 8 9
3 8 9 False
3 9 8
3 9 8 False
3 10 7
3 10 7 False
3 11 6
3 11 6 False
3 12 5
3 12 5 False
3 13 4
3 13 4 False
3 14 3
3 14 3 False
3 15 2
3 15 2 False
4 2 14
4 2 14 False
4 3 13
4 3 13 False
4 4 12
4 5 11
4 5 11 False
4 6 10
4 7 9
4 7 9 False
4 8 8
4 8 8 False
4 9 7
4 9 7 False
4 10 6
4 11 5
4 12 4
4 13 3
4 13 3 False
4 14 2
4 14 2 False
5 2 13
5 2 13 False
5 3 12
5 3 12 False
5 4 11
5 4 11 False
5 5 10
5 6 9
5 7 8
5 8 7
5 9 6
5 10 5
5 11 4
5 12 3
5 12 3 False
5 13 2
5 13 2 False
6 2 12
6 2 12 False
6 3 11
6 3 11 False
6 4 10
6 4 10 False
6 5 9
6 6 8
6 7 7
6 8 6
6 9 5
6 10 4
6 11 3
6 11 3 False
6 12 2
6 12 2 False
7 2 11
7 2 11 False
7 3 10
7 3 10 False
7 4 9
7 4 9 False
7 5 8
7 6 7
7 6 7 True
7 7 6
7 8 5
7 9 4
7 10 3
7 10 3 False
7 11 2
7 11 2 False
8 2 10
8 2 10 False
8 3 9
8 3 9 False
8 4 8
8 4 8 False
8 5 7
8 6 6
8 7 5
8 8 4
8 9 3
8 9 3 False
8 10 2
8 10 2 False
8 11 1
8 11 1 False
9 3 8
9 3 8 False
9 4 7
9 4 7 False
9 5 6
9 5 6 False
9 6 5
9 7 4
9 8 3
9 9 2
9 9 2 False
10 3 7
10 3 7 False
10 4 6
10 4 6 True
10 5 5
10 5 5 False
10 6 4
10 6 4 False
10 7 3
10 7 3 False
10 8 2
10 8 2 False
10 9 1
10 9 1 False
11 3 6
11 3 6 False
11 4 5
11 4 5 False
11 5 4
11 5 4 True
11 6 3
11 6 3 False
11 7 2
11 7 2 False
12 3 5
12 3 5 False
12 4 4
12 4 4 False
12 5 3
12 5 3 False
12 6 2
12 6 2 True
12 7 1
12 7 1 False
13 3 4
13 3 4 False
13 4 3
13 4 3 False
13 5 2
13 5 2 True
14 3 3
14 3 3 True
14 4 2
14 4 2 True
14 5 1
14 5 1 False
15 3 2
15 3 2 False
16 3 1
16 3 1 True
