2 10 16
2 10 16 False
2 11 15
2 11 15 False
2 12 14
2 12 14 False
2 13 13
2 13 13 False
2 14 12
2 14 12 False
2 15 11
2 15 11 False
2 16 10
2 16 10 False
2 17 9
2 17 9 False
2 18 8
2 18 8 False
2 19 7
2 19 7 False
2 20 6
2 20 6 False
2 21 5
2 21 5 False
2 22 4
2 22 4 False
2 23 3
2 23 3 False
3 2 23
3 2 23 False
3 3 22
3 3 22 True
3 4 21
3 4 21 False
3 5 20
3 5 20 False
3 6 19
3 6 19 False
3 7 18
3 7 18 False
3 8 17
3 8 17 False
3 9 16
3 9 16 False
3 10 15
3 10 15 False
3 11 14
3 11 14 False
3 12 13
3 12 13 False
3 13 12
3 13 12 False
3 14 11
3 14 11 False
3 15 10
3 15 10 False
3 16 9
3 16 9 False
3 17 8
3 17 8 False
3 18 7
3 18 7 False
3 19 6
3 19 6 False
3 20 5
3 20 5 False
3 21 4
3 22 3
3 22 3 False
4 2 22
4 2 22 False
4 3 21
4 4 20
4 5 19
4 5 19 False
4 6 18
4 7 17
4 7 17 False
4 8 16
4 9 15
4 10 14
4 11 13
4 12 12
4 13 11
4 14 10
4 15 9
4 16 8
4 17 7
4 18 6
4 19 5
4 20 4
4 21 3
4 21 3 False
4 22 2
4 22 2 False
5 2 21
5 2 21 False
5 3 20
5 4 19
5 5 18
5 6 17
5 7 16
5 8 15
5 9 14
5 9 14 True
5 10 13
5 11 12
5 12 11
5 13 10
5 14 9
5 15 8
5 16 7
5 17 6
5 18 5
5 19 4
5 20 3
5 20 3 False
5 21 2
5 21 2 False
6 2 20
6 2 20 False
6 3 19
6 4 18
6 5 17
6 6 16
6 6 16 True
6 7 15
6 8 14
6 9 13
6 10 12
6 11 11
6 12 10
6 13 9
6 14 8
6 15 7
6 16 6
6 17 5
6 18 4
6 19 3
6 19 3 False
6 20 2
6 20 2 False
7 2 19
7 2 19 False
7 3 18
7 3 18 False
7 4 17
7 5 16
7 6 15
7 6 15 True
7 7 14
7 7 14 True
7 8 13
7 9 12
7 10 11
7 11 10
7 12 9
7 13 8
7 14 7
7 15 6
7 16 5
7 17 4
7 18 3
7 19 2
7 19 2 False
8 2 18
8 2 18 False
8 3 17
8 4 16
8 4 16 True
8 5 15
8 5 15 True
8 6 14
8 6 14 True
8 7 13
8 8 12
8 9 11
8 10 10
8 11 9
8 12 8
8 13 7
8 14 6
8 15 5
8 16 4
8 17 3
8 18 2
8 18 2 False
9 2 17
9 2 17 False
9 3 16
9 4 15
9 5 14
9 5 14 True
9 6 13
9 6 13 True
9 7 12
9 7 12 True
9 8 11
9 9 10
9 9 10 True
9 10 9
9 11 8
9 12 7
9 13 6
9 14 5
9 15 4
9 16 3
9 17 2
9 17 2 False
10 2 16
10 2 16 True
10 3 15
10 4 14
10 4 14 True
10 5 13
10 5 13 True
10 6 12
10 6 12 True
10 7 11
10 7 11 True
10 8 10
10 8 10 True
10 9 9
10 10 8
10 10 8 True
10 11 7
10 12 6
10 13 5
10 14 4
10 15 3
10 16 2
10 16 2 False
11 2 15
11 2 15 False
11 3 14
11 4 13
11 4 13 True
11 5 12
11 5 12 True
11 6 11
11 6 11 True
11 7 10
11 7 10 True
11 8 9
11 8 9 True
11 9 8
11 9 8 True
11 10 7
11 10 7 True
11 11 6
11 12 5
11 13 4
11 14 3
11 15 2
11 15 2 False
12 2 14
12 2 14 False
12 3 13
12 3 13 False
12 4 12
12 4 12 True
12 5 11
12 5 11 True
12 6 10
12 6 10 True
12 7 9
12 7 9 True
12 8 8
12 8 8 True
12 9 7
12 9 7 True
12 10 6
12 10 6 True
12 11 5
12 12 4
12 13 3
12 14 2
12 14 2 False
13 2 13
13 2 13 False
13 3 12
13 3 12 False
13 4 11
13 4 11 True
13 5 10
13 5 10 True
13 6 9
13 6 9 True
13 7 8
13 7 8 True
13 8 7
13 8 7 True
13 9 6
13 9 6 True
13 10 5
13 10 5 True
13 11 4
13 11 4 True
13 12 3
13 13 2
13 13 2 False
14 2 12
14 2 12 False
14 3 11
14 3 11 True
14 4 10
14 4 10 True
14 5 9
14 5 9 True
14 6 8
14 6 8 True
14 7 7
14 7 7 True
14 8 6
14 8 6 True
14 9 5
14 9 5 True
14 10 4
14 10 4 True
14 11 3
14 12 2
14 12 2 False
15 2 11
15 2 11 False
15 3 10
15 3 10 False
15 4 9
15 4 9 True
15 5 8
15 5 8 True
15 6 7
15 6 7 True
15 7 6
15 7 6 True
15 8 5
15 8 5 True
15 9 4
15 9 4 True
15 10 3
15 10 3 True
15 11 2
15 11 2 False
16 2 10
16 2 10 True
16 3 9
16 3 9 True
16 4 8
16 4 8 True
16 5 7
16 5 7 True
16 6 6
16 6 6 True
16 7 5
16 7 5 True
16 8 4
16 8 4 True
16 9 3
16 9 3 True
16 10 2
16 10 2 False
16 11 1
16 11 1 False
17 3 8
17 3 8 False
17 4 7
17 4 7 True
17 5 6
17 5 6 True
17 6 5
17 6 5 True
17 7 4
17 7 4 True
17 8 3
17 8 3 True
17 9 2
18 3 7
18 3 7 True
18 4 6
18 4 6 True
18 5 5
18 5 5 True
18 6 4
18 6 4 True
18 7 3
18 7 3 True
18 8 2
18 8 2 True
18 9 1
18 9 1 False
19 3 6
19 3 6 False
19 4 5
19 4 5 True
19 5 4
19 5 4 True
19 6 3
19 6 3 True
19 7 2
19 7 2 True
20 3 5
20 3 5 False
20 4 4
20 4 4 True
20 5 3
20 5 3 True
20 6 2
20 6 2 True
20 7 1
20 7 1 False
21 3 4
21 3 4 False
21 4 3
21 4 3 False
21 5 2
21 5 2 True
22 3 3
22 3 3 True
22 4 2
22 4 2 True
22 5 1
22 5 1 True
23 3 2
23 3 2 False
24 3 1
24 3 1 True
