2 10 7
2 10 7 False
2 11 6
2 11 6 False
2 12 5
2 12 5 False
2 13 4
2 13 4 False
2 14 3
2 14 3 False
2 15 2
2 15 2 False
3 2 14
3 2 14 False
3 3 13
3 3 13 False
3 4 12
3 4 12 False
3 5 11
3 5 11 False
3 6 10
3 6 10 False
3 7 9
3 7 9 False
3 8 8
3 8 8 False
3 9 7
3 9 7 False
3 10 6
3 10 6 False
3 11 5
3 11 5 False
3 12 4
3 12 4 False
3 13 3
3 13 3 False
3 14 2
3 14 2 False
4 2 13
4 2 13 False
4 3 12
4 3 12 False
4 4 11
4 5 10
4 5 10 False
4 6 9
4 6 9 False
4 7 8
4 7 8 False
4 8 7
4 8 7 False
4 9 6
4 9 6 False
4 10 5
4 10 5 False
4 11 4
4 12 3
4 12 3 False
4 13 2
4 13 2 False
5 2 12
5 2 12 False
5 3 11
5 3 11 False
5 4 10
5 4 10 False
5 5 9
5 6 8
5 7 7
5 8 6
5 9 5
5 10 4
5 11 3
5 11 3 False
5 12 2
5 12 2 False
6 2 11
6 2 11 False
6 3 10
6 3 10 False
6 4 9
6 4 9 False
6 5 8
6 6 7
6 6 7 True
6 7 6
6 8 5
6 9 4
6 10 3
6 10 3 False
6 11 2
6 11 2 False
7 2 10
7 2 10 False
7 3 9
7 3 9 False
7 4 8
7 4 8 False
7 5 7
7 6 6
7 7 5
7 8 4
7 9 3
7 9 3 False
7 10 2
7 10 2 False
7 11 1
7 11 1 False
8 3 8
8 3 8 False
8 4 7
8 4 7 False
8 5 6
8 5 6 False
8 6 5
8 7 4
8 8 3
8 8 3 False
8 9 2
8 9 2 False
9 3 7
9 3 7 False
9 4 6
9 4 6 True
9 5 5
9 5 5 False
9 6 4
9 6 4 False
9 7 3
9 7 3 False
9 8 2
9 8 2 False
9 9 1
9 9 1 False
10 3 6
10 3 6 False
10 4 5
10 4 5 False
10 5 4
10 5 4 True
10 6 3
10 6 3 False
10 7 2
10 7 2 False
11 3 5
11 3 5 False
11 4 4
11 4 4 False
11 5 3
11 5 3 False
11 6 2
11 6 2 False
11 7 1
11 7 1 False
12 3 4
12 3 4 False
12 4 3
12 4 3 False
12 5 2
12 5 2 False
13 3 3
13 3 3 False
13 4 2
13 4 2 False
13 5 1
13 5 1 False
14 3 2
14 3 2 False
15 3 1
15 3 1 True
