2 10 2
2 10 2 False
2 11 1
2 11 1 False
3 3 8
3 3 8 False
3 4 7
3 4 7 False
3 5 6
3 5 6 False
3 6 5
3 6 5 False
3 7 4
3 7 4 False
3 8 3
3 8 3 False
3 9 2
3 9 2 False
4 3 7
4 3 7 False
4 4 6
4 4 6 False
4 5 5
4 5 5 False
4 6 4
4 6 4 False
4 7 3
4 7 3 False
4 8 2
4 8 2 False
4 9 1
4 9 1 False
5 3 6
5 3 6 False
5 4 5
5 4 5 False
5 5 4
5 5 4 False
5 6 3
5 6 3 False
5 7 2
5 7 2 False
6 3 5
6 3 5 False
6 4 4
6 4 4 False
6 5 3
6 5 3 False
6 6 2
6 6 2 False
6 7 1
6 7 1 False
7 3 4
7 3 4 False
7 4 3
7 4 3 False
7 5 2
7 5 2 False
8 3 3
8 3 3 False
8 4 2
8 4 2 False
8 5 1
8 5 1 False
9 3 2
9 3 2 False
10 3 1
10 3 1 False
