2 10 14
2 10 14 False
2 11 13
2 11 13 False
2 12 12
2 12 12 False
2 13 11
2 13 11 False
2 14 10
2 14 10 False
2 15 9
2 15 9 False
2 16 8
2 16 8 False
2 17 7
2 17 7 False
2 18 6
2 18 6 False
2 19 5
2 19 5 False
2 20 4
2 20 4 False
2 21 3
2 21 3 False
2 22 2
2 22 2 False
3 2 21
3 2 21 False
3 3 20
3 3 20 False
3 4 19
3 4 19 False
3 5 18
3 5 18 False
3 6 17
3 6 17 False
3 7 16
3 7 16 False
3 8 15
3 8 15 False
3 9 14
3 9 14 False
3 10 13
3 10 13 False
3 11 12
3 11 12 False
3 12 11
3 12 11 False
3 13 10
3 13 10 False
3 14 9
3 14 9 False
3 15 8
3 15 8 False
3 16 7
3 16 7 False
3 17 6
3 17 6 False
3 18 5
3 18 5 False
3 19 4
3 19 4 False
3 20 3
3 20 3 False
3 21 2
3 21 2 False
4 2 20
4 2 20 False
4 3 19
4 3 19 False
4 4 18
4 5 17
4 5 17 False
4 6 16
4 7 15
4 7 15 False
4 8 14
4 9 13
4 10 12
4 11 11
4 12 10
4 13 9
4 14 8
4 15 7
4 16 6
4 17 5
4 18 4
4 19 3
4 19 3 False
4 20 2
4 20 2 False
5 2 19
5 2 19 False
5 3 18
5 3 18 False
5 4 17
5 5 16
5 6 15
5 7 14
5 8 13
5 9 12
5 10 11
5 11 10
5 12 9
5 13 8
5 14 7
5 15 6
5 16 5
5 17 4
5 18 3
5 18 3 False
5 19 2
5 19 2 False
6 2 18
6 2 18 False
6 3 17
6 3 17 False
6 4 16
6 5 15
6 6 14
6 6 14 True
6 7 13
6 8 12
6 9 11
6 9 11 True
6 10 10
6 11 9
6 12 8
6 13 7
6 14 6
6 15 5
6 16 4
6 17 3
6 17 3 False
6 18 2
6 18 2 False
7 2 17
7 2 17 False
7 3 16
7 3 16 False
7 4 15
7 5 14
7 6 13
7 7 12
7 8 11
7 9 10
7 10 9
7 11 8
7 12 7
7 13 6
7 14 5
7 15 4
7 16 3
7 16 3 False
7 17 2
7 17 2 False
8 2 16
8 2 16 True
8 3 15
8 3 15 False
8 4 14
8 4 14 True
8 5 13
8 6 12
8 6 12 True
8 7 11
8 7 11 True
8 8 10
8 9 9
8 10 8
8 11 7
8 12 6
8 13 5
8 14 4
8 15 3
8 15 3 False
8 16 2
8 16 2 False
9 2 15
9 2 15 False
9 3 14
9 3 14 False
9 4 13
9 4 13 True
9 5 12
9 5 12 True
9 6 11
9 6 11 True
9 7 10
9 7 10 True
9 8 9
9 8 9 True
9 9 8
9 9 8 True
9 10 7
9 11 6
9 12 5
9 13 4
9 14 3
9 15 2
9 15 2 False
10 2 14
10 2 14 False
10 3 13
10 3 13 False
10 4 12
10 4 12 True
10 5 11
10 5 11 True
10 6 10
10 6 10 True
10 7 9
10 7 9 True
10 8 8
10 8 8 True
10 9 7
10 9 7 True
10 10 6
10 11 5
10 12 4
10 13 3
10 14 2
10 14 2 False
11 2 13
11 2 13 False
11 3 12
11 3 12 False
11 4 11
11 5 10
11 5 10 True
11 6 9
11 6 9 True
11 7 8
11 7 8 True
11 8 7
11 8 7 True
11 9 6
11 9 6 True
11 10 5
11 11 4
11 12 3
11 13 2
11 13 2 False
12 2 12
12 2 12 False
12 3 11
12 3 11 True
12 4 10
12 4 10 True
12 5 9
12 5 9 True
12 6 8
12 6 8 True
12 7 7
12 7 7 True
12 8 6
12 8 6 True
12 9 5
12 9 5 True
12 10 4
12 10 4 True
12 11 3
12 12 2
12 12 2 False
13 2 11
13 2 11 False
13 3 10
13 3 10 False
13 4 9
13 4 9 True
13 5 8
13 5 8 True
13 6 7
13 6 7 True
13 7 6
13 7 6 True
13 8 5
13 8 5 True
13 9 4
13 9 4 True
13 10 3
13 10 3 True
13 11 2
13 11 2 False
14 2 10
14 2 10 True
14 3 9
14 3 9 True
14 4 8
14 4 8 True
14 5 7
14 5 7 True
14 6 6
14 6 6 True
14 7 5
14 7 5 True
14 8 4
14 8 4 True
14 9 3
14 10 2
14 10 2 False
14 11 1
14 11 1 False
15 3 8
15 3 8 False
15 4 7
15 4 7 True
15 5 6
15 5 6 True
15 6 5
15 6 5 True
15 7 4
15 7 4 True
15 8 3
15 8 3 True
15 9 2
15 9 2 False
16 3 7
16 3 7 True
16 4 6
16 4 6 True
16 5 5
16 5 5 True
16 6 4
16 6 4 True
16 7 3
16 7 3 True
16 8 2
16 8 2 False
16 9 1
16 9 1 False
17 3 6
17 3 6 False
17 4 5
17 4 5 True
17 5 4
17 5 4 True
17 6 3
17 6 3 True
17 7 2
17 7 2 True
18 3 5
18 3 5 False
18 4 4
18 4 4 True
18 5 3
18 5 3 True
18 6 2
18 6 2 True
18 7 1
18 7 1 False
19 3 4
19 3 4 False
19 4 3
19 4 3 False
19 5 2
19 5 2 True
20 3 3
20 3 3 True
20 4 2
20 4 2 True
20 5 1
20 5 1 True
21 3 2
21 3 2 False
22 3 1
22 3 1 True
