2 10 12
2 10 12 False
2 11 11
2 11 11 False
2 12 10
2 12 10 False
2 13 9
2 13 9 False
2 14 8
2 14 8 False
2 15 7
2 15 7 False
2 16 6
2 16 6 False
2 17 5
2 17 5 False
2 18 4
2 18 4 False
2 19 3
2 19 3 False
2 20 2
2 20 2 False
3 2 19
3 2 19 False
3 3 18
3 3 18 False
3 4 17
3 4 17 False
3 5 16
3 5 16 False
3 6 15
3 6 15 False
3 7 14
3 7 14 False
3 8 13
3 8 13 False
3 9 12
3 9 12 False
3 10 11
3 10 11 False
3 11 10
3 11 10 False
3 12 9
3 12 9 False
3 13 8
3 13 8 False
3 14 7
3 14 7 False
3 15 6
3 15 6 False
3 16 5
3 16 5 False
3 17 4
3 17 4 False
3 18 3
3 18 3 False
3 19 2
3 19 2 False
4 2 18
4 2 18 False
4 3 17
4 3 17 False
4 4 16
4 5 15
4 5 15 False
4 6 14
4 7 13
4 7 13 False
4 8 12
4 9 11
4 10 10
4 11 9
4 12 8
4 13 7
4 14 6
4 15 5
4 16 4
4 17 3
4 17 3 False
4 18 2
4 18 2 False
5 2 17
5 2 17 False
5 3 16
5 3 16 False
5 4 15
5 5 14
5 6 13
5 7 12
5 8 11
5 9 10
5 9 10 True
5 10 9
5 11 8
5 12 7
5 13 6
5 14 5
5 15 4
5 16 3
5 16 3 False
5 17 2
5 17 2 False
6 2 16
6 2 16 False
6 3 15
6 3 15 False
6 4 14
6 5 13
6 6 12
6 7 11
6 8 10
6 9 9
6 10 8
6 11 7
6 12 6
6 13 5
6 14 4
6 15 3
6 15 3 False
6 16 2
6 16 2 False
7 2 15
7 2 15 False
7 3 14
7 3 14 False
7 4 13
7 5 12
7 6 11
7 7 10
7 8 9
7 9 8
7 10 7
7 11 6
7 12 5
7 13 4
7 14 3
7 14 3 False
7 15 2
7 15 2 False
8 2 14
8 2 14 False
8 3 13
8 3 13 False
8 4 12
8 5 11
8 6 10
8 6 10 True
8 7 9
8 7 9 True
8 8 8
8 9 7
8 10 6
8 11 5
8 12 4
8 13 3
8 14 2
8 14 2 False
9 2 13
9 2 13 False
9 3 12
9 3 12 False
9 4 11
9 5 10
9 6 9
9 6 9 True
9 7 8
9 8 7
9 9 6
9 10 5
9 11 4
9 12 3
9 13 2
9 13 2 False
10 2 12
10 2 12 False
10 3 11
10 3 11 True
10 4 10
10 4 10 False
10 5 9
10 5 9 True
10 6 8
10 6 8 True
10 7 7
10 7 7 True
10 8 6
10 9 5
10 9 5 True
10 10 4
10 11 3
10 12 2
10 12 2 False
11 2 11
11 2 11 False
11 3 10
11 3 10 False
11 4 9
11 4 9 False
11 5 8
11 5 8 True
11 6 7
11 6 7 True
11 7 6
11 7 6 True
11 8 5
11 9 4
11 9 4 True
11 10 3
11 11 2
11 11 2 False
12 2 10
12 2 10 True
12 3 9
12 3 9 False
12 4 8
12 4 8 True
12 5 7
12 5 7 True
12 6 6
12 6 6 True
12 7 5
12 7 5 True
12 8 4
12 9 3
12 10 2
12 10 2 False
12 11 1
12 11 1 False
13 3 8
13 3 8 False
13 4 7
13 4 7 True
13 5 6
13 5 6 True
13 6 5
13 6 5 True
13 7 4
13 7 4 True
13 8 3
13 8 3 True
13 9 2
13 9 2 False
14 3 7
14 3 7 True
14 4 6
14 4 6 True
14 5 5
14 5 5 True
14 6 4
14 6 4 True
14 7 3
14 7 3 True
14 8 2
14 8 2 False
14 9 1
14 9 1 False
15 3 6
15 3 6 False
15 4 5
15 4 5 True
15 5 4
15 5 4 True
15 6 3
15 6 3 True
15 7 2
15 7 2 True
16 3 5
16 3 5 False
16 4 4
16 4 4 True
16 5 3
16 5 3 True
16 6 2
16 6 2 True
16 7 1
16 7 1 False
17 3 4
17 3 4 False
17 4 3
17 4 3 False
17 5 2
17 5 2 True
18 3 3
18 3 3 True
18 4 2
18 4 2 True
18 5 1
18 5 1 True
19 3 2
19 3 2 False
20 3 1
20 3 1 True
