2 10 6
2 10 6 False
2 11 5
2 11 5 False
2 12 4
2 12 4 False
2 13 3
2 13 3 False
2 14 2
2 14 2 False
3 2 13
3 2 13 False
3 3 12
3 3 12 False
3 4 11
3 4 11 False
3 5 10
3 5 10 False
3 6 9
3 6 9 False
3 7 8
3 7 8 False
3 8 7
3 8 7 False
3 9 6
3 9 6 False
3 10 5
3 10 5 False
3 11 4
3 11 4 False
3 12 3
3 12 3 False
3 13 2
3 13 2 False
4 2 12
4 2 12 False
4 3 11
4 3 11 False
4 4 10
4 4 10 False
4 5 9
4 5 9 False
4 6 8
4 7 7
4 7 7 False
4 8 6
4 8 6 False
4 9 5
4 9 5 False
4 10 4
4 10 4 False
4 11 3
4 11 3 False
4 12 2
4 12 2 False
5 2 11
5 2 11 False
5 3 10
5 3 10 False
5 4 9
5 4 9 False
5 5 8
5 6 7
5 7 6
5 8 5
5 9 4
5 10 3
5 10 3 False
5 11 2
5 11 2 False
6 2 10
6 2 10 False
6 3 9
6 3 9 False
6 4 8
6 4 8 False
6 5 7
6 6 6
6 7 5
6 8 4
6 9 3
6 9 3 False
6 10 2
6 10 2 False
6 11 1
6 11 1 False
7 3 8
7 3 8 False
7 4 7
7 4 7 False
7 5 6
7 5 6 False
7 6 5
7 7 4
7 8 3
7 8 3 False
7 9 2
7 9 2 False
8 3 7
8 3 7 False
8 4 6
8 4 6 True
8 5 5
8 5 5 False
8 6 4
8 6 4 False
8 7 3
8 7 3 False
8 8 2
8 8 2 False
8 9 1
8 9 1 False
9 3 6
9 3 6 False
9 4 5
9 4 5 False
9 5 4
9 5 4 False
9 6 3
9 6 3 False
9 7 2
9 7 2 False
10 3 5
10 3 5 False
10 4 4
10 4 4 False
10 5 3
10 5 3 False
10 6 2
10 6 2 False
10 7 1
10 7 1 False
11 3 4
11 3 4 False
11 4 3
11 4 3 False
11 5 2
11 5 2 False
12 3 3
12 3 3 False
12 4 2
12 4 2 False
12 5 1
12 5 1 False
13 3 2
13 3 2 False
14 3 1
14 3 1 True
