2 10 9
2 10 9 False
2 11 8
2 11 8 False
2 12 7
2 12 7 False
2 13 6
2 13 6 False
2 14 5
2 14 5 False
2 15 4
2 15 4 False
2 16 3
2 16 3 False
2 17 2
2 17 2 False
3 2 16
3 2 16 False
3 3 15
3 3 15 False
3 4 14
3 4 14 False
3 5 13
3 5 13 False
3 6 12
3 6 12 False
3 7 11
3 7 11 False
3 8 10
3 8 10 False
3 9 9
3 9 9 False
3 10 8
3 10 8 False
3 11 7
3 11 7 False
3 12 6
3 12 6 False
3 13 5
3 13 5 False
3 14 4
3 14 4 False
3 15 3
3 15 3 False
3 16 2
3 16 2 False
4 2 15
4 2 15 False
4 3 14
4 3 14 False
4 4 13
4 5 12
4 5 12 False
4 6 11
4 7 10
4 7 10 False
4 8 9
4 9 8
4 9 8 False
4 10 7
4 11 6
4 11 6 False
4 12 5
4 13 4
4 14 3
4 14 3 False
4 15 2
4 15 2 False
5 2 14
5 2 14 False
5 3 13
5 3 13 False
5 4 12
5 5 11
5 6 10
5 7 9
5 8 8
5 9 7
5 10 6
5 11 5
5 12 4
5 13 3
5 13 3 False
5 14 2
5 14 2 False
6 2 13
6 2 13 False
6 3 12
6 3 12 False
6 4 11
6 4 11 False
6 5 10
6 6 9
6 7 8
6 8 7
6 9 6
6 10 5
6 11 4
6 12 3
6 12 3 False
6 13 2
6 13 2 False
7 2 12
7 2 12 False
7 3 11
7 3 11 False
7 4 10
7 4 10 False
7 5 9
7 6 8
7 7 7
7 8 6
7 9 5
7 10 4
7 11 3
7 11 3 False
7 12 2
7 12 2 False
8 2 11
8 2 11 False
8 3 10
8 3 10 False
8 4 9
8 4 9 False
8 5 8
8 6 7
8 6 7 True
8 7 6
8 8 5
8 9 4
8 10 3
8 10 3 False
8 11 2
8 11 2 False
9 2 10
9 2 10 True
9 3 9
9 3 9 False
9 4 8
9 4 8 False
9 5 7
9 5 7 True
9 6 6
9 7 5
9 8 4
9 9 3
9 10 2
9 10 2 False
9 11 1
9 11 1 False
10 3 8
10 3 8 False
10 4 7
10 4 7 False
10 5 6
10 5 6 True
10 6 5
10 7 4
10 8 3
10 9 2
10 9 2 False
11 3 7
11 3 7 False
11 4 6
11 4 6 True
11 5 5
11 5 5 False
11 6 4
11 6 4 False
11 7 3
11 8 2
11 8 2 False
11 9 1
11 9 1 False
12 3 6
12 3 6 False
12 4 5
12 4 5 False
12 5 4
12 5 4 True
12 6 3
12 6 3 False
12 7 2
12 7 2 False
13 3 5
13 3 5 False
13 4 4
13 4 4 True
13 5 3
13 5 3 False
13 6 2
13 6 2 True
13 7 1
13 7 1 False
14 3 4
14 3 4 False
14 4 3
14 4 3 False
14 5 2
14 5 2 True
15 3 3
15 3 3 True
15 4 2
15 4 2 True
15 5 1
15 5 1 False
16 3 2
16 3 2 False
17 3 1
17 3 1 True
