2 10 20
2 10 20 False
2 11 19
2 11 19 False
2 12 18
2 12 18 False
2 13 17
2 13 17 False
2 14 16
2 14 16 False
2 15 15
2 15 15 False
2 16 14
2 16 14 False
2 17 13
2 17 13 False
2 18 12
2 18 12 False
2 19 11
2 19 11 False
2 20 10
2 20 10 False
2 21 9
2 21 9 False
2 22 8
2 22 8 False
2 23 7
2 23 7 False
2 24 6
2 24 6 False
2 25 5
2 25 5 False
2 26 4
2 26 4 False
2 27 3
2 27 3 False
3 2 27
3 2 27 False
3 3 26
3 3 26 False
3 4 25
3 4 25 False
3 5 24
3 5 24 False
3 6 23
3 6 23 False
3 7 22
3 7 22 False
3 8 21
3 8 21 False
3 9 20
3 10 19
3 10 19 False
3 11 18
3 11 18 False
3 12 17
3 12 17 False
3 13 16
3 13 16 False
3 14 15
3 14 15 False
3 15 14
3 15 14 False
3 16 13
3 16 13 False
3 17 12
3 17 12 False
3 18 11
3 18 11 False
3 19 10
3 19 10 False
3 20 9
3 20 9 False
3 21 8
3 21 8 False
3 22 7
3 23 6
3 24 5
3 25 4
3 26 3
3 26 3 False
4 2 26
4 2 26 False
4 3 25
4 3 25 False
4 4 24
4 5 23
4 5 23 False
4 6 22
4 7 21
4 7 21 False
4 8 20
4 9 19
4 10 18
4 11 17
4 12 16
4 13 15
4 14 14
4 15 13
4 16 12
4 17 11
4 18 10
4 19 9
4 20 8
4 21 7
4 22 6
4 23 5
4 24 4
4 25 3
4 25 3 False
5 2 25
5 2 25 False
5 3 24
5 4 23
5 5 22
5 6 21
5 7 20
5 8 19
5 9 18
5 9 18 True
5 10 17
5 11 16
5 12 15
5 13 14
5 14 13
5 15 12
5 16 11
5 17 10
5 18 9
5 19 8
5 20 7
5 21 6
5 22 5
5 23 4
5 24 3
5 24 3 False
6 2 24
6 2 24 False
6 3 23
6 4 22
6 5 21
6 6 20
6 7 19
6 8 18
6 8 18 True
6 9 17
6 10 16
6 11 15
6 12 14
6 12 14 True
6 13 13
6 14 12
6 15 11
6 16 10
6 17 9
6 18 8
6 19 7
6 20 6
6 21 5
6 22 4
6 23 3
6 23 3 False
7 2 23
7 2 23 False
7 3 22
7 3 22 True
7 4 21
7 4 21 True
7 5 20
7 5 20 True
7 6 19
7 6 19 True
7 7 18
7 7 18 True
7 8 17
7 9 16
7 10 15
7 11 14
7 12 13
7 13 12
7 14 11
7 15 10
7 16 9
7 17 8
7 18 7
7 19 6
7 20 5
7 21 4
7 22 3
7 22 3 False
8 2 22
8 2 22 False
8 3 21
8 3 21 True
8 4 20
8 4 20 True
8 5 19
8 5 19 True
8 6 18
8 6 18 True
8 7 17
8 7 17 True
8 8 16
8 8 16 True
8 9 15
8 10 14
8 11 13
8 12 12
8 13 11
8 14 10
8 15 9
8 16 8
8 17 7
8 18 6
8 19 5
8 20 4
8 21 3
8 21 3 False
8 22 2
8 22 2 False
9 2 21
9 2 21 False
9 3 20
9 3 20 True
9 4 19
9 4 19 True
9 5 18
9 5 18 True
9 6 17
9 6 17 True
9 7 16
9 7 16 True
9 8 15
9 8 15 True
9 9 14
9 10 13
9 11 12
9 12 11
9 13 10
9 14 9
9 15 8
9 16 7
9 17 6
9 18 5
9 19 4
9 20 3
9 21 2
9 21 2 False
10 2 20
10 2 20 True
10 3 19
10 3 19 True
10 4 18
10 4 18 True
10 5 17
10 5 17 True
10 6 16
10 6 16 True
10 7 15
10 7 15 True
10 8 14
10 8 14 True
10 9 13
10 9 13 True
10 10 12
10 11 11
10 12 10
10 13 9
10 14 8
10 15 7
10 16 6
10 17 5
10 18 4
10 19 3
10 20 2
10 20 2 False
11 2 19
11 2 19 False
11 3 18
11 3 18 False
11 4 17
11 4 17 True
11 5 16
11 5 16 True
11 6 15
11 6 15 True
11 7 14
11 7 14 True
11 8 13
11 8 13 True
11 9 12
11 9 12 True
11 10 11
11 10 11 True
11 11 10
11 11 10 True
11 12 9
11 13 8
11 14 7
11 15 6
11 16 5
11 17 4
11 18 3
11 19 2
11 19 2 False
12 2 18
12 2 18 True
12 3 17
12 3 17 True
12 4 16
12 4 16 True
12 5 15
12 5 15 True
12 6 14
12 6 14 True
12 7 13
12 7 13 True
12 8 12
12 8 12 True
12 9 11
12 9 11 True
12 10 10
12 10 10 True
12 11 9
12 11 9 True
12 12 8
12 13 7
12 14 6
12 15 5
12 16 4
12 17 3
12 18 2
12 18 2 False
13 2 17
13 2 17 False
13 3 16
13 3 16 False
13 4 15
13 4 15 True
13 5 14
13 5 14 True
13 6 13
13 6 13 True
13 7 12
13 7 12 True
13 8 11
13 8 11 True
13 9 10
13 9 10 True
13 10 9
13 10 9 True
13 11 8
13 11 8 True
13 12 7
13 12 7 True
13 13 6
13 14 5
13 15 4
13 16 3
13 17 2
13 17 2 False
14 2 16
14 2 16 True
14 3 15
14 3 15 True
14 4 14
14 4 14 True
14 5 13
14 5 13 True
14 6 12
14 6 12 True
14 7 11
14 7 11 True
14 8 10
14 8 10 True
14 9 9
14 9 9 True
14 10 8
14 10 8 True
14 11 7
14 12 6
14 12 6 True
14 13 5
14 14 4
14 15 3
14 16 2
14 16 2 False
15 2 15
15 2 15 False
15 3 14
15 3 14 False
15 4 13
15 4 13 True
15 5 12
15 5 12 True
15 6 11
15 6 11 True
15 7 10
15 7 10 True
15 8 9
15 8 9 True
15 9 8
15 9 8 True
15 10 7
15 10 7 True
15 11 6
15 11 6 True
15 12 5
15 12 5 True
15 13 4
15 14 3
15 15 2
15 15 2 False
16 2 14
16 2 14 False
16 3 13
16 3 13 True
16 4 12
16 4 12 True
16 5 11
16 5 11 True
16 6 10
16 6 10 True
16 7 9
16 7 9 True
16 8 8
16 8 8 True
16 9 7
16 9 7 True
16 10 6
16 10 6 True
16 11 5
16 11 5 True
16 12 4
16 12 4 True
16 13 3
16 14 2
16 14 2 False
17 2 13
17 2 13 False
17 3 12
17 3 12 False
17 4 11
17 4 11 True
17 5 10
17 5 10 True
17 6 9
17 6 9 True
17 7 8
17 7 8 True
17 8 7
17 8 7 True
17 9 6
17 9 6 True
17 10 5
17 10 5 True
17 11 4
17 11 4 True
17 12 3
17 12 3 True
17 13 2
17 13 2 False
18 2 12
18 2 12 False
18 3 11
18 3 11 True
18 4 10
18 4 10 True
18 5 9
18 5 9 True
18 6 8
18 6 8 True
18 7 7
18 7 7 True
18 8 6
18 8 6 True
18 9 5
18 9 5 True
18 10 4
18 10 4 True
18 11 3
18 11 3 True
18 12 2
18 12 2 False
19 2 11
19 2 11 False
19 3 10
19 3 10 False
19 4 9
19 4 9 True
19 5 8
19 5 8 True
19 6 7
19 6 7 True
19 7 6
19 7 6 True
19 8 5
19 8 5 True
19 9 4
19 9 4 True
19 10 3
19 10 3 True
19 11 2
19 11 2 False
20 2 10
20 2 10 False
20 3 9
20 3 9 True
20 4 8
20 4 8 True
20 5 7
20 5 7 True
20 6 6
20 6 6 True
20 7 5
20 7 5 True
20 8 4
20 8 4 True
20 9 3
20 9 3 True
20 10 2
20 10 2 False
20 11 1
20 11 1 False
21 3 8
21 3 8 False
21 4 7
21 4 7 True
21 5 6
21 5 6 True
21 6 5
21 6 5 True
21 7 4
21 7 4 True
21 8 3
21 8 3 True
21 9 2
21 9 2 True
22 3 7
22 3 7 True
22 4 6
22 4 6 True
22 5 5
22 5 5 True
22 6 4
22 6 4 True
22 7 3
22 7 3 True
22 8 2
22 8 2 True
22 9 1
22 9 1 False
23 3 6
23 3 6 False
23 4 5
23 4 5 True
23 5 4
23 5 4 True
23 6 3
23 6 3 True
23 7 2
23 7 2 True
24 3 5
24 3 5 False
24 4 4
24 4 4 True
24 5 3
24 5 3 True
24 6 2
24 6 2 True
24 7 1
24 7 1 True
25 3 4
25 3 4 False
25 4 3
25 4 3 False
25 5 2
25 5 2 True
26 3 3
26 3 3 True
26 4 2
26 4 2 True
26 5 1
26 5 1 True
27 3 2
27 3 2 False
28 3 1
28 3 1 False
