2 10 4
2 10 4 False
2 11 3
2 11 3 False
2 12 2
2 12 2 False
3 2 11
3 2 11 False
3 3 10
3 3 10 False
3 4 9
3 4 9 False
3 5 8
3 5 8 False
3 6 7
3 6 7 False
3 7 6
3 7 6 False
3 8 5
3 8 5 False
3 9 4
3 9 4 False
3 10 3
3 10 3 False
3 11 2
3 11 2 False
4 2 10
4 2 10 False
4 3 9
4 3 9 False
4 4 8
4 4 8 False
4 5 7
4 5 7 False
4 6 6
4 7 5
4 7 5 False
4 8 4
4 8 4 False
4 9 3
4 9 3 False
4 10 2
4 10 2 False
4 11 1
4 11 1 False
5 3 8
5 3 8 False
5 4 7
5 4 7 False
5 5 6
5 5 6 False
5 6 5
5 7 4
5 8 3
5 8 3 False
5 9 2
5 9 2 False
6 3 7
6 3 7 False
6 4 6
6 4 6 False
6 5 5
6 5 5 False
6 6 4
6 6 4 False
6 7 3
6 7 3 False
6 8 2
6 8 2 False
6 9 1
6 9 1 False
7 3 6
7 3 6 False
7 4 5
7 4 5 False
7 5 4
7 5 4 False
7 6 3
7 6 3 False
7 7 2
7 7 2 False
8 3 5
8 3 5 False
8 4 4
8 4 4 False
8 5 3
8 5 3 False
8 6 2
8 6 2 False
8 7 1
8 7 1 False
9 3 4
9 3 4 False
9 4 3
9 4 3 False
9 5 2
9 5 2 False
10 3 3
10 3 3 False
10 4 2
10 4 2 False
10 5 1
10 5 1 False
11 3 2
11 3 2 False
12 3 1
12 3 1 False
