2 10 11
2 10 11 False
2 11 10
2 11 10 False
2 12 9
2 12 9 False
2 13 8
2 13 8 False
2 14 7
2 14 7 False
2 15 6
2 15 6 False
2 16 5
2 16 5 False
2 17 4
2 17 4 False
2 18 3
2 18 3 False
2 19 2
2 19 2 False
3 2 18
3 2 18 False
3 3 17
3 3 17 False
3 4 16
3 4 16 False
3 5 15
3 5 15 False
3 6 14
3 6 14 False
3 7 13
3 7 13 False
3 8 12
3 8 12 False
3 9 11
3 9 11 False
3 10 10
3 10 10 False
3 11 9
3 11 9 False
3 12 8
3 12 8 False
3 13 7
3 13 7 False
3 14 6
3 14 6 False
3 15 5
3 15 5 False
3 16 4
3 16 4 False
3 17 3
3 17 3 False
3 18 2
3 18 2 False
4 2 17
4 2 17 False
4 3 16
4 3 16 False
4 4 15
4 5 14
4 5 14 False
4 6 13
4 7 12
4 7 12 False
4 8 11
4 9 10
4 10 9
4 11 8
4 12 7
4 13 6
4 14 5
4 15 4
4 16 3
4 16 3 False
4 17 2
4 17 2 False
5 2 16
5 2 16 False
5 3 15
5 3 15 False
5 4 14
5 5 13
5 6 12
5 7 11
5 8 10
5 9 9
5 10 8
5 11 7
5 12 6
5 13 5
5 14 4
5 15 3
5 15 3 False
5 16 2
5 16 2 False
6 2 15
6 2 15 False
6 3 14
6 3 14 False
6 4 13
6 5 12
6 6 11
6 7 10
6 8 9
6 9 8
6 10 7
6 11 6
6 12 5
6 13 4
6 14 3
6 14 3 False
6 15 2
6 15 2 False
7 2 14
7 2 14 False
7 3 13
7 3 13 False
7 4 12
7 4 12 True
7 5 11
7 6 10
7 7 9
7 8 8
7 9 7
7 10 6
7 11 5
7 12 4
7 13 3
7 13 3 False
7 14 2
7 14 2 False
8 2 13
8 2 13 False
8 3 12
8 3 12 False
8 4 11
8 4 11 False
8 5 10
8 6 9
8 7 8
8 8 7
8 9 6
8 10 5
8 11 4
8 12 3
8 12 3 False
8 13 2
8 13 2 False
9 2 12
9 2 12 False
9 3 11
9 3 11 False
9 4 10
9 4 10 False
9 5 9
9 5 9 True
9 6 8
9 6 8 True
9 7 7
9 7 7 True
9 8 6
9 9 5
9 9 5 True
9 10 4
9 11 3
9 12 2
9 12 2 False
10 2 11
10 2 11 False
10 3 10
10 3 10 False
10 4 9
10 4 9 False
10 5 8
10 5 8 True
10 6 7
10 6 7 True
10 7 6
10 7 6 True
10 8 5
10 9 4
10 10 3
10 11 2
10 11 2 False
11 2 10
11 2 10 True
11 3 9
11 3 9 False
11 4 8
11 4 8 True
11 5 7
11 5 7 True
11 6 6
11 6 6 True
11 7 5
11 8 4
11 9 3
11 10 2
11 10 2 False
11 11 1
11 11 1 False
12 3 8
12 3 8 False
12 4 7
12 4 7 True
12 5 6
12 5 6 True
12 6 5
12 6 5 True
12 7 4
12 8 3
12 8 3 True
12 9 2
12 9 2 False
13 3 7
13 3 7 True
13 4 6
13 4 6 True
13 5 5
13 5 5 True
13 6 4
13 6 4 True
13 7 3
13 7 3 False
13 8 2
13 8 2 False
13 9 1
13 9 1 False
14 3 6
14 3 6 False
14 4 5
14 4 5 True
14 5 4
14 5 4 True
14 6 3
14 6 3 True
14 7 2
14 7 2 True
15 3 5
15 3 5 False
15 4 4
15 4 4 True
15 5 3
15 5 3 True
15 6 2
15 6 2 True
15 7 1
15 7 1 False
16 3 4
16 3 4 False
16 4 3
16 4 3 False
16 5 2
16 5 2 True
17 3 3
17 3 3 True
17 4 2
17 4 2 True
17 5 1
17 5 1 True
18 3 2
18 3 2 False
19 3 1
19 3 1 True
