2 10 5
2 10 5 False
2 11 4
2 11 4 False
2 12 3
2 12 3 False
2 13 2
2 13 2 False
3 2 12
3 2 12 False
3 3 11
3 3 11 False
3 4 10
3 4 10 False
3 5 9
3 5 9 False
3 6 8
3 6 8 False
3 7 7
3 7 7 False
3 8 6
3 8 6 False
3 9 5
3 9 5 False
3 10 4
3 10 4 False
3 11 3
3 11 3 False
3 12 2
3 12 2 False
4 2 11
4 2 11 False
4 3 10
4 3 10 False
4 4 9
4 4 9 False
4 5 8
4 5 8 False
4 6 7
4 7 6
4 7 6 False
4 8 5
4 8 5 False
4 9 4
4 9 4 False
4 10 3
4 10 3 False
4 11 2
4 11 2 False
5 2 10
5 2 10 False
5 3 9
5 3 9 False
5 4 8
5 4 8 False
5 5 7
5 6 6
5 7 5
5 8 4
5 9 3
5 9 3 False
5 10 2
5 10 2 False
5 11 1
5 11 1 False
6 3 8
6 3 8 False
6 4 7
6 4 7 False
6 5 6
6 5 6 False
6 6 5
6 7 4
6 8 3
6 8 3 False
6 9 2
6 9 2 False
7 3 7
7 3 7 False
7 4 6
7 4 6 False
7 5 5
7 5 5 False
7 6 4
7 6 4 False
7 7 3
7 7 3 False
7 8 2
7 8 2 False
7 9 1
7 9 1 False
8 3 6
8 3 6 False
8 4 5
8 4 5 False
8 5 4
8 5 4 False
8 6 3
8 6 3 False
8 7 2
8 7 2 False
9 3 5
9 3 5 False
9 4 4
9 4 4 False
9 5 3
9 5 3 False
9 6 2
9 6 2 False
9 7 1
9 7 1 False
10 3 4
10 3 4 False
10 4 3
10 4 3 False
10 5 2
10 5 2 False
11 3 3
11 3 3 False
11 4 2
11 4 2 False
11 5 1
11 5 1 False
12 3 2
12 3 2 False
13 3 1
13 3 1 True
