2 10 10
2 10 10 False
2 11 9
2 11 9 False
2 12 8
2 12 8 False
2 13 7
2 13 7 False
2 14 6
2 14 6 False
2 15 5
2 15 5 False
2 16 4
2 16 4 False
2 17 3
2 17 3 False
2 18 2
2 18 2 False
3 2 17
3 2 17 False
3 3 16
3 3 16 False
3 4 15
3 4 15 False
3 5 14
3 5 14 False
3 6 13
3 6 13 False
3 7 12
3 7 12 False
3 8 11
3 8 11 False
3 9 10
3 9 10 False
3 10 9
3 10 9 False
3 11 8
3 11 8 False
3 12 7
3 12 7 False
3 13 6
3 13 6 False
3 14 5
3 14 5 False
3 15 4
3 15 4 False
3 16 3
3 16 3 False
3 17 2
3 17 2 False
4 2 16
4 2 16 False
4 3 15
4 3 15 False
4 4 14
4 5 13
4 5 13 False
4 6 12
4 7 11
4 7 11 False
4 8 10
4 9 9
4 9 9 False
4 10 8
4 11 7
4 12 6
4 13 5
4 14 4
4 15 3
4 15 3 False
4 16 2
4 16 2 False
5 2 15
5 2 15 False
5 3 14
5 3 14 False
5 4 13
5 5 12
5 6 11
5 7 10
5 8 9
5 9 8
5 10 7
5 11 6
5 12 5
5 13 4
5 14 3
5 14 3 False
5 15 2
5 15 2 False
6 2 14
6 2 14 False
6 3 13
6 3 13 False
6 4 12
6 5 11
6 6 10
6 7 9
6 8 8
6 9 7
6 10 6
6 11 5
6 12 4
6 13 3
6 13 3 False
6 14 2
6 14 2 False
7 2 13
7 2 13 False
7 3 12
7 3 12 False
7 4 11
7 4 11 False
7 5 10
7 6 9
7 7 8
7 8 7
7 9 6
7 10 5
7 11 4
7 12 3
7 12 3 False
7 13 2
7 13 2 False
8 2 12
8 2 12 False
8 3 11
8 3 11 False
8 4 10
8 4 10 False
8 5 9
8 6 8
8 7 7
8 8 6
8 9 5
8 10 4
8 11 3
8 12 2
8 12 2 False
9 2 11
9 2 11 False
9 3 10
9 3 10 False
9 4 9
9 4 9 False
9 5 8
9 6 7
9 6 7 True
9 7 6
9 8 5
9 9 4
9 10 3
9 11 2
9 11 2 False
10 2 10
10 2 10 True
10 3 9
10 3 9 False
10 4 8
10 4 8 False
10 5 7
10 5 7 True
10 6 6
10 6 6 True
10 7 5
10 8 4
10 9 3
10 10 2
10 10 2 False
10 11 1
10 11 1 False
11 3 8
11 3 8 False
11 4 7
11 4 7 False
11 5 6
11 5 6 True
11 6 5
11 7 4
11 8 3
11 8 3 True
11 9 2
11 9 2 False
12 3 7
12 3 7 False
12 4 6
12 4 6 True
12 5 5
12 5 5 True
12 6 4
12 6 4 True
12 7 3
12 7 3 False
12 8 2
12 8 2 False
12 9 1
12 9 1 False
13 3 6
13 3 6 False
13 4 5
13 4 5 False
13 5 4
13 5 4 True
13 6 3
13 6 3 True
13 7 2
13 7 2 True
14 3 5
14 3 5 False
14 4 4
14 4 4 True
14 5 3
14 5 3 True
14 6 2
14 6 2 True
14 7 1
14 7 1 False
15 3 4
15 3 4 False
15 4 3
15 4 3 False
15 5 2
15 5 2 True
16 3 3
16 3 3 True
16 4 2
16 4 2 True
16 5 1
16 5 1 False
17 3 2
17 3 2 False
18 3 1
18 3 1 True
